[2025-11-27T15:34:25.660+0000] {manager.py:470} INFO - Processing files using up to 1 processes at a time 
[2025-11-27T15:34:25.661+0000] {manager.py:471} INFO - Process each file at most once every 30 seconds
[2025-11-27T15:34:25.661+0000] {manager.py:472} INFO - Checking for new files in /opt/airflow/dags every 300 seconds
[2025-11-27T15:34:25.661+0000] {manager.py:737} INFO - Searching for files in /opt/airflow/dags
[2025-11-27T15:34:25.662+0000] {manager.py:740} INFO - There are 0 files in /opt/airflow/dags
[2025-11-27T15:39:25.667+0000] {manager.py:737} INFO - Searching for files in /opt/airflow/dags
[2025-11-27T15:39:25.682+0000] {manager.py:740} INFO - There are 0 files in /opt/airflow/dags
[2025-11-27T15:44:25.733+0000] {manager.py:737} INFO - Searching for files in /opt/airflow/dags
[2025-11-27T15:44:25.746+0000] {manager.py:740} INFO - There are 0 files in /opt/airflow/dags
[2025-11-27T15:49:25.770+0000] {manager.py:737} INFO - Searching for files in /opt/airflow/dags
[2025-11-27T15:49:25.778+0000] {manager.py:740} INFO - There are 0 files in /opt/airflow/dags
[2025-11-27T15:54:25.814+0000] {manager.py:737} INFO - Searching for files in /opt/airflow/dags
[2025-11-27T15:54:25.822+0000] {manager.py:740} INFO - There are 0 files in /opt/airflow/dags
[2025-11-27T16:04:13.713+0000] {manager.py:737} INFO - Searching for files in /opt/airflow/dags
[2025-11-27T16:04:13.721+0000] {manager.py:740} INFO - There are 0 files in /opt/airflow/dags
[2025-11-27T16:09:14.192+0000] {manager.py:737} INFO - Searching for files in /opt/airflow/dags
[2025-11-27T16:09:14.204+0000] {manager.py:740} INFO - There are 0 files in /opt/airflow/dags
[2025-11-27T16:22:48.146+0000] {manager.py:737} INFO - Searching for files in /opt/airflow/dags
[2025-11-27T16:22:48.158+0000] {manager.py:740} INFO - There are 0 files in /opt/airflow/dags
[2025-11-27T16:45:50.832+0000] {manager.py:737} INFO - Searching for files in /opt/airflow/dags
[2025-11-27T16:45:50.840+0000] {manager.py:740} INFO - There are 0 files in /opt/airflow/dags
[2025-11-27T16:52:02.901+0000] {manager.py:737} INFO - Searching for files in /opt/airflow/dags
[2025-11-27T16:52:02.909+0000] {manager.py:740} INFO - There are 0 files in /opt/airflow/dags
[2025-11-27T17:01:38.423+0000] {manager.py:737} INFO - Searching for files in /opt/airflow/dags
[2025-11-27T17:01:38.434+0000] {manager.py:740} INFO - There are 0 files in /opt/airflow/dags
[2025-11-27T17:06:39.270+0000] {manager.py:737} INFO - Searching for files in /opt/airflow/dags
[2025-11-27T17:06:39.343+0000] {manager.py:740} INFO - There are 0 files in /opt/airflow/dags
[2025-11-27T17:11:40.104+0000] {manager.py:737} INFO - Searching for files in /opt/airflow/dags
[2025-11-27T17:11:40.115+0000] {manager.py:740} INFO - There are 0 files in /opt/airflow/dags
[2025-11-27T17:16:40.959+0000] {manager.py:737} INFO - Searching for files in /opt/airflow/dags
[2025-11-27T17:16:40.966+0000] {manager.py:740} INFO - There are 0 files in /opt/airflow/dags
[2025-11-27T17:21:41.524+0000] {manager.py:737} INFO - Searching for files in /opt/airflow/dags
[2025-11-27T17:21:41.533+0000] {manager.py:740} INFO - There are 0 files in /opt/airflow/dags
[2025-11-27T17:23:56.317+0000] {manager.py:452} INFO - Exiting gracefully upon receiving signal 15
[2025-11-27T18:39:37.082+0000] {manager.py:470} INFO - Processing files using up to 1 processes at a time 
[2025-11-27T18:39:37.083+0000] {manager.py:471} INFO - Process each file at most once every 30 seconds
[2025-11-27T18:39:37.083+0000] {manager.py:472} INFO - Checking for new files in /opt/airflow/dags every 300 seconds
[2025-11-27T18:39:37.083+0000] {manager.py:737} INFO - Searching for files in /opt/airflow/dags
[2025-11-27T18:39:37.084+0000] {manager.py:740} INFO - There are 0 files in /opt/airflow/dags
[2025-11-27T18:44:37.199+0000] {manager.py:737} INFO - Searching for files in /opt/airflow/dags
[2025-11-27T18:44:37.210+0000] {manager.py:740} INFO - There are 0 files in /opt/airflow/dags
[2025-11-27T18:49:37.243+0000] {manager.py:737} INFO - Searching for files in /opt/airflow/dags
[2025-11-27T18:49:37.258+0000] {manager.py:740} INFO - There are 1 files in /opt/airflow/dags
[2025-11-27T18:49:59.591+0000] {manager.py:878} INFO - 
================================================================================
DAG File Processing Stats

File Path                                  PID    Runtime      # DAGs    # Errors  Last Runtime    Last Run
-----------------------------------------  -----  ---------  --------  ----------  --------------  -------------------
/opt/airflow/dags/incremental_pipeline.py                           0           1  0.12s           2025-11-27T18:49:37
================================================================================
[2025-11-27T18:50:29.636+0000] {manager.py:878} INFO - 
================================================================================
DAG File Processing Stats

File Path                                  PID    Runtime      # DAGs    # Errors  Last Runtime    Last Run
-----------------------------------------  -----  ---------  --------  ----------  --------------  -------------------
/opt/airflow/dags/incremental_pipeline.py                           0           1  0.12s           2025-11-27T18:50:08
================================================================================
[2025-11-27T18:50:59.855+0000] {manager.py:878} INFO - 
================================================================================
DAG File Processing Stats

File Path                                  PID    Runtime      # DAGs    # Errors  Last Runtime    Last Run
-----------------------------------------  -----  ---------  --------  ----------  --------------  -------------------
/opt/airflow/dags/incremental_pipeline.py                           0           1  0.12s           2025-11-27T18:50:38
================================================================================
[2025-11-27T18:51:30.003+0000] {manager.py:878} INFO - 
================================================================================
DAG File Processing Stats

File Path                                  PID    Runtime      # DAGs    # Errors  Last Runtime    Last Run
-----------------------------------------  -----  ---------  --------  ----------  --------------  -------------------
/opt/airflow/dags/incremental_pipeline.py                           0           1  0.11s           2025-11-27T18:51:08
================================================================================
[2025-11-27T18:52:00.135+0000] {manager.py:878} INFO - 
================================================================================
DAG File Processing Stats

File Path                                  PID    Runtime      # DAGs    # Errors  Last Runtime    Last Run
-----------------------------------------  -----  ---------  --------  ----------  --------------  -------------------
/opt/airflow/dags/incremental_pipeline.py                           0           1  0.11s           2025-11-27T18:51:39
================================================================================
[2025-11-27T18:52:30.262+0000] {manager.py:878} INFO - 
================================================================================
DAG File Processing Stats

File Path                                  PID    Runtime      # DAGs    # Errors  Last Runtime    Last Run
-----------------------------------------  -----  ---------  --------  ----------  --------------  -------------------
/opt/airflow/dags/incremental_pipeline.py                           0           1  0.11s           2025-11-27T18:52:09
================================================================================
[2025-11-27T18:53:00.387+0000] {manager.py:878} INFO - 
================================================================================
DAG File Processing Stats

File Path                                  PID    Runtime      # DAGs    # Errors  Last Runtime    Last Run
-----------------------------------------  -----  ---------  --------  ----------  --------------  -------------------
/opt/airflow/dags/incremental_pipeline.py                           0           1  0.11s           2025-11-27T18:52:39
================================================================================
[2025-11-27T18:53:30.446+0000] {manager.py:878} INFO - 
================================================================================
DAG File Processing Stats

File Path                                  PID    Runtime      # DAGs    # Errors  Last Runtime    Last Run
-----------------------------------------  -----  ---------  --------  ----------  --------------  -------------------
/opt/airflow/dags/incremental_pipeline.py                           0           1  0.11s           2025-11-27T18:53:09
================================================================================
[2025-11-27T18:54:00.602+0000] {manager.py:878} INFO - 
================================================================================
DAG File Processing Stats

File Path                                  PID    Runtime      # DAGs    # Errors  Last Runtime    Last Run
-----------------------------------------  -----  ---------  --------  ----------  --------------  -------------------
/opt/airflow/dags/incremental_pipeline.py                           0           1  0.11s           2025-11-27T18:53:39
================================================================================
[2025-11-27T18:54:30.835+0000] {manager.py:878} INFO - 
================================================================================
DAG File Processing Stats

File Path                                  PID    Runtime      # DAGs    # Errors  Last Runtime    Last Run
-----------------------------------------  -----  ---------  --------  ----------  --------------  -------------------
/opt/airflow/dags/incremental_pipeline.py                           0           1  0.10s           2025-11-27T18:54:10
================================================================================
[2025-11-27T18:54:37.560+0000] {manager.py:737} INFO - Searching for files in /opt/airflow/dags
[2025-11-27T18:54:37.571+0000] {manager.py:740} INFO - There are 1 files in /opt/airflow/dags
[2025-11-27T18:55:01.082+0000] {manager.py:878} INFO - 
================================================================================
DAG File Processing Stats

File Path                                  PID    Runtime      # DAGs    # Errors  Last Runtime    Last Run
-----------------------------------------  -----  ---------  --------  ----------  --------------  -------------------
/opt/airflow/dags/incremental_pipeline.py                           0           1  0.11s           2025-11-27T18:54:57
================================================================================
[2025-11-27T18:55:31.222+0000] {manager.py:878} INFO - 
================================================================================
DAG File Processing Stats

File Path                                  PID    Runtime      # DAGs    # Errors  Last Runtime    Last Run
-----------------------------------------  -----  ---------  --------  ----------  --------------  -------------------
/opt/airflow/dags/incremental_pipeline.py                           0           1  0.11s           2025-11-27T18:55:25
================================================================================
[2025-11-27T18:56:01.358+0000] {manager.py:878} INFO - 
================================================================================
DAG File Processing Stats

File Path                                  PID    Runtime      # DAGs    # Errors  Last Runtime    Last Run
-----------------------------------------  -----  ---------  --------  ----------  --------------  -------------------
/opt/airflow/dags/incremental_pipeline.py                           0           1  0.11s           2025-11-27T18:55:43
================================================================================
[2025-11-27T18:56:31.481+0000] {manager.py:878} INFO - 
================================================================================
DAG File Processing Stats

File Path                                  PID    Runtime      # DAGs    # Errors  Last Runtime    Last Run
-----------------------------------------  -----  ---------  --------  ----------  --------------  -------------------
/opt/airflow/dags/incremental_pipeline.py                           0           1  0.12s           2025-11-27T18:56:14
================================================================================
[2025-11-27T18:57:01.605+0000] {manager.py:878} INFO - 
================================================================================
DAG File Processing Stats

File Path                                  PID    Runtime      # DAGs    # Errors  Last Runtime    Last Run
-----------------------------------------  -----  ---------  --------  ----------  --------------  -------------------
/opt/airflow/dags/incremental_pipeline.py                           0           1  0.11s           2025-11-27T18:56:49
================================================================================
[2025-11-27T18:57:31.742+0000] {manager.py:878} INFO - 
================================================================================
DAG File Processing Stats

File Path                                  PID    Runtime      # DAGs    # Errors  Last Runtime    Last Run
-----------------------------------------  -----  ---------  --------  ----------  --------------  -------------------
/opt/airflow/dags/incremental_pipeline.py                           0           1  0.11s           2025-11-27T18:57:19
================================================================================
[2025-11-27T18:58:01.874+0000] {manager.py:878} INFO - 
================================================================================
DAG File Processing Stats

File Path                                  PID    Runtime      # DAGs    # Errors  Last Runtime    Last Run
-----------------------------------------  -----  ---------  --------  ----------  --------------  -------------------
/opt/airflow/dags/incremental_pipeline.py                           0           1  0.12s           2025-11-27T18:57:50
================================================================================
[2025-11-27T18:58:31.995+0000] {manager.py:878} INFO - 
================================================================================
DAG File Processing Stats

File Path                                  PID    Runtime      # DAGs    # Errors  Last Runtime    Last Run
-----------------------------------------  -----  ---------  --------  ----------  --------------  -------------------
/opt/airflow/dags/incremental_pipeline.py                           0           1  0.12s           2025-11-27T18:58:20
================================================================================
[2025-11-27T18:59:02.129+0000] {manager.py:878} INFO - 
================================================================================
DAG File Processing Stats

File Path                                  PID    Runtime      # DAGs    # Errors  Last Runtime    Last Run
-----------------------------------------  -----  ---------  --------  ----------  --------------  -------------------
/opt/airflow/dags/incremental_pipeline.py                           0           1  0.12s           2025-11-27T18:58:50
================================================================================
[2025-11-27T18:59:32.261+0000] {manager.py:878} INFO - 
================================================================================
DAG File Processing Stats

File Path                                  PID    Runtime      # DAGs    # Errors  Last Runtime    Last Run
-----------------------------------------  -----  ---------  --------  ----------  --------------  -------------------
/opt/airflow/dags/incremental_pipeline.py                           0           1  0.12s           2025-11-27T18:59:21
================================================================================
[2025-11-27T18:59:37.619+0000] {manager.py:737} INFO - Searching for files in /opt/airflow/dags
[2025-11-27T18:59:37.632+0000] {manager.py:740} INFO - There are 1 files in /opt/airflow/dags
[2025-11-27T19:00:02.409+0000] {manager.py:878} INFO - 
================================================================================
DAG File Processing Stats

File Path                                  PID    Runtime      # DAGs    # Errors  Last Runtime    Last Run
-----------------------------------------  -----  ---------  --------  ----------  --------------  -------------------
/opt/airflow/dags/incremental_pipeline.py                           0           1  0.12s           2025-11-27T18:59:51
================================================================================
[2025-11-27T19:00:32.528+0000] {manager.py:878} INFO - 
================================================================================
DAG File Processing Stats

File Path                                  PID    Runtime      # DAGs    # Errors  Last Runtime    Last Run
-----------------------------------------  -----  ---------  --------  ----------  --------------  -------------------
/opt/airflow/dags/incremental_pipeline.py                           0           1  0.11s           2025-11-27T19:00:21
================================================================================
[2025-11-27T19:01:02.702+0000] {manager.py:878} INFO - 
================================================================================
DAG File Processing Stats

File Path                                  PID    Runtime      # DAGs    # Errors  Last Runtime    Last Run
-----------------------------------------  -----  ---------  --------  ----------  --------------  -------------------
/opt/airflow/dags/incremental_pipeline.py                           0           1  0.11s           2025-11-27T19:00:52
================================================================================
[2025-11-27T19:01:32.824+0000] {manager.py:878} INFO - 
================================================================================
DAG File Processing Stats

File Path                                  PID    Runtime      # DAGs    # Errors  Last Runtime    Last Run
-----------------------------------------  -----  ---------  --------  ----------  --------------  -------------------
/opt/airflow/dags/incremental_pipeline.py                           0           1  0.12s           2025-11-27T19:01:22
================================================================================
[2025-11-27T19:02:02.957+0000] {manager.py:878} INFO - 
================================================================================
DAG File Processing Stats

File Path                                  PID    Runtime      # DAGs    # Errors  Last Runtime    Last Run
-----------------------------------------  -----  ---------  --------  ----------  --------------  -------------------
/opt/airflow/dags/incremental_pipeline.py                           0           1  0.12s           2025-11-27T19:01:52
================================================================================
[2025-11-27T19:02:33.087+0000] {manager.py:878} INFO - 
================================================================================
DAG File Processing Stats

File Path                                  PID    Runtime      # DAGs    # Errors  Last Runtime    Last Run
-----------------------------------------  -----  ---------  --------  ----------  --------------  -------------------
/opt/airflow/dags/incremental_pipeline.py                           0           1  0.11s           2025-11-27T19:02:22
================================================================================
[2025-11-27T19:03:03.160+0000] {manager.py:878} INFO - 
================================================================================
DAG File Processing Stats

File Path                                  PID    Runtime      # DAGs    # Errors  Last Runtime    Last Run
-----------------------------------------  -----  ---------  --------  ----------  --------------  -------------------
/opt/airflow/dags/incremental_pipeline.py                           0           1  0.12s           2025-11-27T19:02:53
================================================================================
[2025-11-27T19:03:33.496+0000] {manager.py:878} INFO - 
================================================================================
DAG File Processing Stats

File Path                                  PID    Runtime      # DAGs    # Errors  Last Runtime    Last Run
-----------------------------------------  -----  ---------  --------  ----------  --------------  -------------------
/opt/airflow/dags/incremental_pipeline.py                           0           1  0.13s           2025-11-27T19:03:23
================================================================================
[2025-11-27T19:04:03.754+0000] {manager.py:878} INFO - 
================================================================================
DAG File Processing Stats

File Path                                  PID    Runtime      # DAGs    # Errors  Last Runtime    Last Run
-----------------------------------------  -----  ---------  --------  ----------  --------------  -------------------
/opt/airflow/dags/incremental_pipeline.py                           0           1  0.13s           2025-11-27T19:03:53
================================================================================
[2025-11-27T19:04:34.016+0000] {manager.py:878} INFO - 
================================================================================
DAG File Processing Stats

File Path                                  PID    Runtime      # DAGs    # Errors  Last Runtime    Last Run
-----------------------------------------  -----  ---------  --------  ----------  --------------  -------------------
/opt/airflow/dags/incremental_pipeline.py                           0           1  0.12s           2025-11-27T19:04:23
================================================================================
[2025-11-27T19:04:37.994+0000] {manager.py:737} INFO - Searching for files in /opt/airflow/dags
[2025-11-27T19:04:38.010+0000] {manager.py:740} INFO - There are 1 files in /opt/airflow/dags
[2025-11-27T19:05:04.289+0000] {manager.py:878} INFO - 
================================================================================
DAG File Processing Stats

File Path                                  PID    Runtime      # DAGs    # Errors  Last Runtime    Last Run
-----------------------------------------  -----  ---------  --------  ----------  --------------  -------------------
/opt/airflow/dags/incremental_pipeline.py                           0           1  0.14s           2025-11-27T19:04:54
================================================================================
[2025-11-27T19:05:34.547+0000] {manager.py:878} INFO - 
================================================================================
DAG File Processing Stats

File Path                                  PID    Runtime      # DAGs    # Errors  Last Runtime    Last Run
-----------------------------------------  -----  ---------  --------  ----------  --------------  -------------------
/opt/airflow/dags/incremental_pipeline.py                           0           1  0.13s           2025-11-27T19:05:24
================================================================================
[2025-11-27T19:06:04.802+0000] {manager.py:878} INFO - 
================================================================================
DAG File Processing Stats

File Path                                  PID    Runtime      # DAGs    # Errors  Last Runtime    Last Run
-----------------------------------------  -----  ---------  --------  ----------  --------------  -------------------
/opt/airflow/dags/incremental_pipeline.py                           0           1  0.12s           2025-11-27T19:05:54
================================================================================
[2025-11-27T19:06:35.062+0000] {manager.py:878} INFO - 
================================================================================
DAG File Processing Stats

File Path                                  PID    Runtime      # DAGs    # Errors  Last Runtime    Last Run
-----------------------------------------  -----  ---------  --------  ----------  --------------  -------------------
/opt/airflow/dags/incremental_pipeline.py                           0           1  0.12s           2025-11-27T19:06:25
================================================================================
[2025-11-27T19:07:05.346+0000] {manager.py:878} INFO - 
================================================================================
DAG File Processing Stats

File Path                                  PID    Runtime      # DAGs    # Errors  Last Runtime    Last Run
-----------------------------------------  -----  ---------  --------  ----------  --------------  -------------------
/opt/airflow/dags/incremental_pipeline.py                           0           1  0.14s           2025-11-27T19:06:55
================================================================================
[2025-11-27T19:07:35.549+0000] {manager.py:878} INFO - 
================================================================================
DAG File Processing Stats

File Path                                  PID    Runtime      # DAGs    # Errors  Last Runtime    Last Run
-----------------------------------------  -----  ---------  --------  ----------  --------------  -------------------
/opt/airflow/dags/incremental_pipeline.py                           0           1  0.11s           2025-11-27T19:07:25
================================================================================
[2025-11-27T19:08:05.755+0000] {manager.py:878} INFO - 
================================================================================
DAG File Processing Stats

File Path                                  PID    Runtime      # DAGs    # Errors  Last Runtime    Last Run
-----------------------------------------  -----  ---------  --------  ----------  --------------  -------------------
/opt/airflow/dags/incremental_pipeline.py                           0           1  0.12s           2025-11-27T19:07:55
================================================================================
[2025-11-27T19:08:35.839+0000] {manager.py:878} INFO - 
================================================================================
DAG File Processing Stats

File Path                                  PID    Runtime      # DAGs    # Errors  Last Runtime    Last Run
-----------------------------------------  -----  ---------  --------  ----------  --------------  -------------------
/opt/airflow/dags/incremental_pipeline.py                           0           1  0.11s           2025-11-27T19:08:28
================================================================================
[2025-11-27T19:09:06.085+0000] {manager.py:878} INFO - 
================================================================================
DAG File Processing Stats

File Path                                  PID    Runtime      # DAGs    # Errors  Last Runtime    Last Run
-----------------------------------------  -----  ---------  --------  ----------  --------------  -------------------
/opt/airflow/dags/incremental_pipeline.py                           0           1  0.12s           2025-11-27T19:08:59
================================================================================
[2025-11-27T19:09:36.223+0000] {manager.py:878} INFO - 
================================================================================
DAG File Processing Stats

File Path                                  PID    Runtime      # DAGs    # Errors  Last Runtime    Last Run
-----------------------------------------  -----  ---------  --------  ----------  --------------  -------------------
/opt/airflow/dags/incremental_pipeline.py                           0           1  0.11s           2025-11-27T19:09:30
================================================================================
[2025-11-27T19:09:38.225+0000] {manager.py:737} INFO - Searching for files in /opt/airflow/dags
[2025-11-27T19:09:38.233+0000] {manager.py:740} INFO - There are 1 files in /opt/airflow/dags
[2025-11-27T19:10:06.372+0000] {manager.py:878} INFO - 
================================================================================
DAG File Processing Stats

File Path                                  PID    Runtime      # DAGs    # Errors  Last Runtime    Last Run
-----------------------------------------  -----  ---------  --------  ----------  --------------  -------------------
/opt/airflow/dags/incremental_pipeline.py                           0           1  0.11s           2025-11-27T19:10:00
================================================================================
[2025-11-27T19:10:36.509+0000] {manager.py:878} INFO - 
================================================================================
DAG File Processing Stats

File Path                                  PID    Runtime      # DAGs    # Errors  Last Runtime    Last Run
-----------------------------------------  -----  ---------  --------  ----------  --------------  -------------------
/opt/airflow/dags/incremental_pipeline.py                           0           1  0.12s           2025-11-27T19:10:31
================================================================================
[2025-11-27T19:11:06.639+0000] {manager.py:878} INFO - 
================================================================================
DAG File Processing Stats

File Path                                  PID    Runtime      # DAGs    # Errors  Last Runtime    Last Run
-----------------------------------------  -----  ---------  --------  ----------  --------------  -------------------
/opt/airflow/dags/incremental_pipeline.py                           0           1  0.12s           2025-11-27T19:11:01
================================================================================
[2025-11-27T19:11:36.774+0000] {manager.py:878} INFO - 
================================================================================
DAG File Processing Stats

File Path                                  PID    Runtime      # DAGs    # Errors  Last Runtime    Last Run
-----------------------------------------  -----  ---------  --------  ----------  --------------  -------------------
/opt/airflow/dags/incremental_pipeline.py                           0           1  0.13s           2025-11-27T19:11:32
================================================================================
[2025-11-27T19:12:06.912+0000] {manager.py:878} INFO - 
================================================================================
DAG File Processing Stats

File Path                                  PID    Runtime      # DAGs    # Errors  Last Runtime    Last Run
-----------------------------------------  -----  ---------  --------  ----------  --------------  -------------------
/opt/airflow/dags/incremental_pipeline.py                           0           1  0.12s           2025-11-27T19:12:02
================================================================================
[2025-11-27T19:12:37.007+0000] {manager.py:878} INFO - 
================================================================================
DAG File Processing Stats

File Path                                  PID    Runtime      # DAGs    # Errors  Last Runtime    Last Run
-----------------------------------------  -----  ---------  --------  ----------  --------------  -------------------
/opt/airflow/dags/incremental_pipeline.py                           0           1  0.12s           2025-11-27T19:12:32
================================================================================
[2025-11-27T19:13:07.146+0000] {manager.py:878} INFO - 
================================================================================
DAG File Processing Stats

File Path                                  PID    Runtime      # DAGs    # Errors  Last Runtime    Last Run
-----------------------------------------  -----  ---------  --------  ----------  --------------  -------------------
/opt/airflow/dags/incremental_pipeline.py                           0           1  0.11s           2025-11-27T19:13:03
================================================================================
[2025-11-27T19:13:37.263+0000] {manager.py:878} INFO - 
================================================================================
DAG File Processing Stats

File Path                                  PID    Runtime      # DAGs    # Errors  Last Runtime    Last Run
-----------------------------------------  -----  ---------  --------  ----------  --------------  -------------------
/opt/airflow/dags/incremental_pipeline.py                           0           1  0.12s           2025-11-27T19:13:33
================================================================================
[2025-11-27T19:14:07.337+0000] {manager.py:878} INFO - 
================================================================================
DAG File Processing Stats

File Path                                  PID    Runtime      # DAGs    # Errors  Last Runtime    Last Run
-----------------------------------------  -----  ---------  --------  ----------  --------------  -------------------
/opt/airflow/dags/incremental_pipeline.py                           0           1  0.12s           2025-11-27T19:14:04
================================================================================
[2025-11-27T19:14:37.516+0000] {manager.py:878} INFO - 
================================================================================
DAG File Processing Stats

File Path                                  PID    Runtime      # DAGs    # Errors  Last Runtime    Last Run
-----------------------------------------  -----  ---------  --------  ----------  --------------  -------------------
/opt/airflow/dags/incremental_pipeline.py                           0           1  0.12s           2025-11-27T19:14:34
================================================================================
[2025-11-27T19:14:38.478+0000] {manager.py:737} INFO - Searching for files in /opt/airflow/dags
[2025-11-27T19:14:38.491+0000] {manager.py:740} INFO - There are 1 files in /opt/airflow/dags
[2025-11-27T19:15:07.657+0000] {manager.py:878} INFO - 
================================================================================
DAG File Processing Stats

File Path                                  PID    Runtime      # DAGs    # Errors  Last Runtime    Last Run
-----------------------------------------  -----  ---------  --------  ----------  --------------  -------------------
/opt/airflow/dags/incremental_pipeline.py                           0           1  0.12s           2025-11-27T19:15:05
================================================================================
[2025-11-27T19:15:37.790+0000] {manager.py:878} INFO - 
================================================================================
DAG File Processing Stats

File Path                                  PID    Runtime      # DAGs    # Errors  Last Runtime    Last Run
-----------------------------------------  -----  ---------  --------  ----------  --------------  -------------------
/opt/airflow/dags/incremental_pipeline.py                           0           1  0.11s           2025-11-27T19:15:35
================================================================================
[2025-11-27T19:16:07.914+0000] {manager.py:878} INFO - 
================================================================================
DAG File Processing Stats

File Path                                  PID    Runtime      # DAGs    # Errors  Last Runtime    Last Run
-----------------------------------------  -----  ---------  --------  ----------  --------------  -------------------
/opt/airflow/dags/incremental_pipeline.py                           0           1  0.11s           2025-11-27T19:16:06
================================================================================
[2025-11-27T19:16:38.046+0000] {manager.py:878} INFO - 
================================================================================
DAG File Processing Stats

File Path                                  PID    Runtime      # DAGs    # Errors  Last Runtime    Last Run
-----------------------------------------  -----  ---------  --------  ----------  --------------  -------------------
/opt/airflow/dags/incremental_pipeline.py                           0           1  0.12s           2025-11-27T19:16:36
================================================================================
[2025-11-27T19:17:08.136+0000] {manager.py:878} INFO - 
================================================================================
DAG File Processing Stats

File Path                                  PID    Runtime      # DAGs    # Errors  Last Runtime    Last Run
-----------------------------------------  -----  ---------  --------  ----------  --------------  -------------------
/opt/airflow/dags/incremental_pipeline.py                           0           1  0.11s           2025-11-27T19:17:07
================================================================================
[2025-11-27T19:17:38.262+0000] {manager.py:878} INFO - 
================================================================================
DAG File Processing Stats

File Path                                  PID    Runtime      # DAGs    # Errors  Last Runtime    Last Run
-----------------------------------------  -----  ---------  --------  ----------  --------------  -------------------
/opt/airflow/dags/incremental_pipeline.py                           0           1  0.12s           2025-11-27T19:17:37
================================================================================
[2025-11-27T19:18:08.388+0000] {manager.py:878} INFO - 
================================================================================
DAG File Processing Stats

File Path                                  PID    Runtime      # DAGs    # Errors  Last Runtime    Last Run
-----------------------------------------  -----  ---------  --------  ----------  --------------  -------------------
/opt/airflow/dags/incremental_pipeline.py                           0           1  0.12s           2025-11-27T19:18:07
================================================================================
[2025-11-27T19:18:38.415+0000] {manager.py:878} INFO - 
================================================================================
DAG File Processing Stats

File Path                                  PID    Runtime      # DAGs    # Errors  Last Runtime    Last Run
-----------------------------------------  -----  ---------  --------  ----------  --------------  -------------------
/opt/airflow/dags/incremental_pipeline.py                           0           1  0.13s           2025-11-27T19:18:38
================================================================================
[2025-11-27T19:19:08.737+0000] {manager.py:878} INFO - 
================================================================================
DAG File Processing Stats

File Path                                  PID    Runtime      # DAGs    # Errors  Last Runtime    Last Run
-----------------------------------------  -----  ---------  --------  ----------  --------------  -------------------
/opt/airflow/dags/incremental_pipeline.py                           0           1  0.12s           2025-11-27T19:19:08
================================================================================
