[2025-11-30T00:00:20.210+0000] {processor.py:161} INFO - Started process (PID=61) to work on /opt/airflow/dags/incremental_pipeline.py
[2025-11-30T00:00:20.212+0000] {processor.py:830} INFO - Processing file /opt/airflow/dags/incremental_pipeline.py for tasks to queue
[2025-11-30T00:00:20.216+0000] {logging_mixin.py:188} INFO - [2025-11-30T00:00:20.215+0000] {dagbag.py:545} INFO - Filling up the DagBag from /opt/airflow/dags/incremental_pipeline.py
[2025-11-30T00:00:20.224+0000] {logging_mixin.py:188} INFO - [2025-11-30T00:00:20.222+0000] {dagbag.py:355} ERROR - Failed to import: /opt/airflow/dags/incremental_pipeline.py
Traceback (most recent call last):
  File "/home/airflow/.local/lib/python3.12/site-packages/airflow/models/dagbag.py", line 351, in parse
    loader.exec_module(new_module)
  File "<frozen importlib._bootstrap_external>", line 995, in exec_module
  File "<frozen importlib._bootstrap>", line 488, in _call_with_frames_removed
  File "/opt/airflow/dags/incremental_pipeline.py", line 2, in <module>
    from airflow.providers.standard.operators.bash import BashOperator
ModuleNotFoundError: No module named 'airflow.providers.standard'
[2025-11-30T00:00:20.225+0000] {processor.py:842} WARNING - No viable dags retrieved from /opt/airflow/dags/incremental_pipeline.py
[2025-11-30T00:00:20.290+0000] {processor.py:183} INFO - Processing /opt/airflow/dags/incremental_pipeline.py took 0.120 seconds
[2025-11-30T00:00:50.617+0000] {processor.py:161} INFO - Started process (PID=62) to work on /opt/airflow/dags/incremental_pipeline.py
[2025-11-30T00:00:50.618+0000] {processor.py:830} INFO - Processing file /opt/airflow/dags/incremental_pipeline.py for tasks to queue
[2025-11-30T00:00:50.622+0000] {logging_mixin.py:188} INFO - [2025-11-30T00:00:50.621+0000] {dagbag.py:545} INFO - Filling up the DagBag from /opt/airflow/dags/incremental_pipeline.py
[2025-11-30T00:00:50.629+0000] {logging_mixin.py:188} INFO - [2025-11-30T00:00:50.627+0000] {dagbag.py:355} ERROR - Failed to import: /opt/airflow/dags/incremental_pipeline.py
Traceback (most recent call last):
  File "/home/airflow/.local/lib/python3.12/site-packages/airflow/models/dagbag.py", line 351, in parse
    loader.exec_module(new_module)
  File "<frozen importlib._bootstrap_external>", line 995, in exec_module
  File "<frozen importlib._bootstrap>", line 488, in _call_with_frames_removed
  File "/opt/airflow/dags/incremental_pipeline.py", line 2, in <module>
    from airflow.providers.standard.operators.bash import BashOperator
ModuleNotFoundError: No module named 'airflow.providers.standard'
[2025-11-30T00:00:50.629+0000] {processor.py:842} WARNING - No viable dags retrieved from /opt/airflow/dags/incremental_pipeline.py
[2025-11-30T00:00:50.648+0000] {processor.py:183} INFO - Processing /opt/airflow/dags/incremental_pipeline.py took 0.043 seconds
[2025-11-30T00:01:20.905+0000] {processor.py:161} INFO - Started process (PID=63) to work on /opt/airflow/dags/incremental_pipeline.py
[2025-11-30T00:01:20.907+0000] {processor.py:830} INFO - Processing file /opt/airflow/dags/incremental_pipeline.py for tasks to queue
[2025-11-30T00:01:20.911+0000] {logging_mixin.py:188} INFO - [2025-11-30T00:01:20.910+0000] {dagbag.py:545} INFO - Filling up the DagBag from /opt/airflow/dags/incremental_pipeline.py
[2025-11-30T00:01:20.917+0000] {logging_mixin.py:188} INFO - [2025-11-30T00:01:20.916+0000] {dagbag.py:355} ERROR - Failed to import: /opt/airflow/dags/incremental_pipeline.py
Traceback (most recent call last):
  File "/home/airflow/.local/lib/python3.12/site-packages/airflow/models/dagbag.py", line 351, in parse
    loader.exec_module(new_module)
  File "<frozen importlib._bootstrap_external>", line 995, in exec_module
  File "<frozen importlib._bootstrap>", line 488, in _call_with_frames_removed
  File "/opt/airflow/dags/incremental_pipeline.py", line 2, in <module>
    from airflow.providers.standard.operators.bash import BashOperator
ModuleNotFoundError: No module named 'airflow.providers.standard'
[2025-11-30T00:01:20.918+0000] {processor.py:842} WARNING - No viable dags retrieved from /opt/airflow/dags/incremental_pipeline.py
[2025-11-30T00:01:20.936+0000] {processor.py:183} INFO - Processing /opt/airflow/dags/incremental_pipeline.py took 0.043 seconds
[2025-11-30T00:01:51.174+0000] {processor.py:161} INFO - Started process (PID=64) to work on /opt/airflow/dags/incremental_pipeline.py
[2025-11-30T00:01:51.176+0000] {processor.py:830} INFO - Processing file /opt/airflow/dags/incremental_pipeline.py for tasks to queue
[2025-11-30T00:01:51.180+0000] {logging_mixin.py:188} INFO - [2025-11-30T00:01:51.179+0000] {dagbag.py:545} INFO - Filling up the DagBag from /opt/airflow/dags/incremental_pipeline.py
[2025-11-30T00:01:51.187+0000] {logging_mixin.py:188} INFO - [2025-11-30T00:01:51.185+0000] {dagbag.py:355} ERROR - Failed to import: /opt/airflow/dags/incremental_pipeline.py
Traceback (most recent call last):
  File "/home/airflow/.local/lib/python3.12/site-packages/airflow/models/dagbag.py", line 351, in parse
    loader.exec_module(new_module)
  File "<frozen importlib._bootstrap_external>", line 995, in exec_module
  File "<frozen importlib._bootstrap>", line 488, in _call_with_frames_removed
  File "/opt/airflow/dags/incremental_pipeline.py", line 2, in <module>
    from airflow.providers.standard.operators.bash import BashOperator
ModuleNotFoundError: No module named 'airflow.providers.standard'
[2025-11-30T00:01:51.187+0000] {processor.py:842} WARNING - No viable dags retrieved from /opt/airflow/dags/incremental_pipeline.py
[2025-11-30T00:01:51.207+0000] {processor.py:183} INFO - Processing /opt/airflow/dags/incremental_pipeline.py took 0.045 seconds
[2025-11-30T00:02:21.451+0000] {processor.py:161} INFO - Started process (PID=65) to work on /opt/airflow/dags/incremental_pipeline.py
[2025-11-30T00:02:21.453+0000] {processor.py:830} INFO - Processing file /opt/airflow/dags/incremental_pipeline.py for tasks to queue
[2025-11-30T00:02:21.457+0000] {logging_mixin.py:188} INFO - [2025-11-30T00:02:21.455+0000] {dagbag.py:545} INFO - Filling up the DagBag from /opt/airflow/dags/incremental_pipeline.py
[2025-11-30T00:02:21.465+0000] {logging_mixin.py:188} INFO - [2025-11-30T00:02:21.464+0000] {dagbag.py:355} ERROR - Failed to import: /opt/airflow/dags/incremental_pipeline.py
Traceback (most recent call last):
  File "/home/airflow/.local/lib/python3.12/site-packages/airflow/models/dagbag.py", line 351, in parse
    loader.exec_module(new_module)
  File "<frozen importlib._bootstrap_external>", line 995, in exec_module
  File "<frozen importlib._bootstrap>", line 488, in _call_with_frames_removed
  File "/opt/airflow/dags/incremental_pipeline.py", line 2, in <module>
    from airflow.providers.standard.operators.bash import BashOperator
ModuleNotFoundError: No module named 'airflow.providers.standard'
[2025-11-30T00:02:21.465+0000] {processor.py:842} WARNING - No viable dags retrieved from /opt/airflow/dags/incremental_pipeline.py
[2025-11-30T00:02:21.485+0000] {processor.py:183} INFO - Processing /opt/airflow/dags/incremental_pipeline.py took 0.049 seconds
[2025-11-30T00:02:51.708+0000] {processor.py:161} INFO - Started process (PID=66) to work on /opt/airflow/dags/incremental_pipeline.py
[2025-11-30T00:02:51.710+0000] {processor.py:830} INFO - Processing file /opt/airflow/dags/incremental_pipeline.py for tasks to queue
[2025-11-30T00:02:51.714+0000] {logging_mixin.py:188} INFO - [2025-11-30T00:02:51.713+0000] {dagbag.py:545} INFO - Filling up the DagBag from /opt/airflow/dags/incremental_pipeline.py
[2025-11-30T00:02:51.720+0000] {logging_mixin.py:188} INFO - [2025-11-30T00:02:51.719+0000] {dagbag.py:355} ERROR - Failed to import: /opt/airflow/dags/incremental_pipeline.py
Traceback (most recent call last):
  File "/home/airflow/.local/lib/python3.12/site-packages/airflow/models/dagbag.py", line 351, in parse
    loader.exec_module(new_module)
  File "<frozen importlib._bootstrap_external>", line 995, in exec_module
  File "<frozen importlib._bootstrap>", line 488, in _call_with_frames_removed
  File "/opt/airflow/dags/incremental_pipeline.py", line 2, in <module>
    from airflow.providers.standard.operators.bash import BashOperator
ModuleNotFoundError: No module named 'airflow.providers.standard'
[2025-11-30T00:02:51.721+0000] {processor.py:842} WARNING - No viable dags retrieved from /opt/airflow/dags/incremental_pipeline.py
[2025-11-30T00:02:51.738+0000] {processor.py:183} INFO - Processing /opt/airflow/dags/incremental_pipeline.py took 0.041 seconds
[2025-11-30T00:03:22.015+0000] {processor.py:161} INFO - Started process (PID=67) to work on /opt/airflow/dags/incremental_pipeline.py
[2025-11-30T00:03:22.016+0000] {processor.py:830} INFO - Processing file /opt/airflow/dags/incremental_pipeline.py for tasks to queue
[2025-11-30T00:03:22.020+0000] {logging_mixin.py:188} INFO - [2025-11-30T00:03:22.019+0000] {dagbag.py:545} INFO - Filling up the DagBag from /opt/airflow/dags/incremental_pipeline.py
[2025-11-30T00:03:22.027+0000] {logging_mixin.py:188} INFO - [2025-11-30T00:03:22.023+0000] {dagbag.py:355} ERROR - Failed to import: /opt/airflow/dags/incremental_pipeline.py
Traceback (most recent call last):
  File "/home/airflow/.local/lib/python3.12/site-packages/airflow/models/dagbag.py", line 351, in parse
    loader.exec_module(new_module)
  File "<frozen importlib._bootstrap_external>", line 995, in exec_module
  File "<frozen importlib._bootstrap>", line 488, in _call_with_frames_removed
  File "/opt/airflow/dags/incremental_pipeline.py", line 2, in <module>
    from airflow.providers.standard.operators.bash import BashOperator
ModuleNotFoundError: No module named 'airflow.providers.standard'
[2025-11-30T00:03:22.028+0000] {processor.py:842} WARNING - No viable dags retrieved from /opt/airflow/dags/incremental_pipeline.py
[2025-11-30T00:03:22.052+0000] {processor.py:183} INFO - Processing /opt/airflow/dags/incremental_pipeline.py took 0.050 seconds
[2025-11-30T00:03:52.270+0000] {processor.py:161} INFO - Started process (PID=68) to work on /opt/airflow/dags/incremental_pipeline.py
[2025-11-30T00:03:52.272+0000] {processor.py:830} INFO - Processing file /opt/airflow/dags/incremental_pipeline.py for tasks to queue
[2025-11-30T00:03:52.278+0000] {logging_mixin.py:188} INFO - [2025-11-30T00:03:52.275+0000] {dagbag.py:545} INFO - Filling up the DagBag from /opt/airflow/dags/incremental_pipeline.py
[2025-11-30T00:03:52.283+0000] {logging_mixin.py:188} INFO - [2025-11-30T00:03:52.282+0000] {dagbag.py:355} ERROR - Failed to import: /opt/airflow/dags/incremental_pipeline.py
Traceback (most recent call last):
  File "/home/airflow/.local/lib/python3.12/site-packages/airflow/models/dagbag.py", line 351, in parse
    loader.exec_module(new_module)
  File "<frozen importlib._bootstrap_external>", line 995, in exec_module
  File "<frozen importlib._bootstrap>", line 488, in _call_with_frames_removed
  File "/opt/airflow/dags/incremental_pipeline.py", line 2, in <module>
    from airflow.providers.standard.operators.bash import BashOperator
ModuleNotFoundError: No module named 'airflow.providers.standard'
[2025-11-30T00:03:52.284+0000] {processor.py:842} WARNING - No viable dags retrieved from /opt/airflow/dags/incremental_pipeline.py
[2025-11-30T00:03:52.302+0000] {processor.py:183} INFO - Processing /opt/airflow/dags/incremental_pipeline.py took 0.045 seconds
[2025-11-30T00:04:22.522+0000] {processor.py:161} INFO - Started process (PID=69) to work on /opt/airflow/dags/incremental_pipeline.py
[2025-11-30T00:04:22.524+0000] {processor.py:830} INFO - Processing file /opt/airflow/dags/incremental_pipeline.py for tasks to queue
[2025-11-30T00:04:22.530+0000] {logging_mixin.py:188} INFO - [2025-11-30T00:04:22.528+0000] {dagbag.py:545} INFO - Filling up the DagBag from /opt/airflow/dags/incremental_pipeline.py
[2025-11-30T00:04:22.535+0000] {logging_mixin.py:188} INFO - [2025-11-30T00:04:22.534+0000] {dagbag.py:355} ERROR - Failed to import: /opt/airflow/dags/incremental_pipeline.py
Traceback (most recent call last):
  File "/home/airflow/.local/lib/python3.12/site-packages/airflow/models/dagbag.py", line 351, in parse
    loader.exec_module(new_module)
  File "<frozen importlib._bootstrap_external>", line 995, in exec_module
  File "<frozen importlib._bootstrap>", line 488, in _call_with_frames_removed
  File "/opt/airflow/dags/incremental_pipeline.py", line 2, in <module>
    from airflow.providers.standard.operators.bash import BashOperator
ModuleNotFoundError: No module named 'airflow.providers.standard'
[2025-11-30T00:04:22.536+0000] {processor.py:842} WARNING - No viable dags retrieved from /opt/airflow/dags/incremental_pipeline.py
[2025-11-30T00:04:22.554+0000] {processor.py:183} INFO - Processing /opt/airflow/dags/incremental_pipeline.py took 0.045 seconds
[2025-11-30T00:04:52.729+0000] {processor.py:161} INFO - Started process (PID=70) to work on /opt/airflow/dags/incremental_pipeline.py
[2025-11-30T00:04:52.730+0000] {processor.py:830} INFO - Processing file /opt/airflow/dags/incremental_pipeline.py for tasks to queue
[2025-11-30T00:04:52.733+0000] {logging_mixin.py:188} INFO - [2025-11-30T00:04:52.732+0000] {dagbag.py:545} INFO - Filling up the DagBag from /opt/airflow/dags/incremental_pipeline.py
[2025-11-30T00:04:52.737+0000] {logging_mixin.py:188} INFO - [2025-11-30T00:04:52.736+0000] {dagbag.py:355} ERROR - Failed to import: /opt/airflow/dags/incremental_pipeline.py
Traceback (most recent call last):
  File "/home/airflow/.local/lib/python3.12/site-packages/airflow/models/dagbag.py", line 351, in parse
    loader.exec_module(new_module)
  File "<frozen importlib._bootstrap_external>", line 995, in exec_module
  File "<frozen importlib._bootstrap>", line 488, in _call_with_frames_removed
  File "/opt/airflow/dags/incremental_pipeline.py", line 2, in <module>
    from airflow.providers.standard.operators.bash import BashOperator
ModuleNotFoundError: No module named 'airflow.providers.standard'
[2025-11-30T00:04:52.737+0000] {processor.py:842} WARNING - No viable dags retrieved from /opt/airflow/dags/incremental_pipeline.py
[2025-11-30T00:04:52.749+0000] {processor.py:183} INFO - Processing /opt/airflow/dags/incremental_pipeline.py took 0.027 seconds
[2025-11-30T00:05:22.955+0000] {processor.py:161} INFO - Started process (PID=71) to work on /opt/airflow/dags/incremental_pipeline.py
[2025-11-30T00:05:22.956+0000] {processor.py:830} INFO - Processing file /opt/airflow/dags/incremental_pipeline.py for tasks to queue
[2025-11-30T00:05:22.959+0000] {logging_mixin.py:188} INFO - [2025-11-30T00:05:22.959+0000] {dagbag.py:545} INFO - Filling up the DagBag from /opt/airflow/dags/incremental_pipeline.py
[2025-11-30T00:05:22.964+0000] {logging_mixin.py:188} INFO - [2025-11-30T00:05:22.963+0000] {dagbag.py:355} ERROR - Failed to import: /opt/airflow/dags/incremental_pipeline.py
Traceback (most recent call last):
  File "/home/airflow/.local/lib/python3.12/site-packages/airflow/models/dagbag.py", line 351, in parse
    loader.exec_module(new_module)
  File "<frozen importlib._bootstrap_external>", line 995, in exec_module
  File "<frozen importlib._bootstrap>", line 488, in _call_with_frames_removed
  File "/opt/airflow/dags/incremental_pipeline.py", line 2, in <module>
    from airflow.providers.standard.operators.bash import BashOperator
ModuleNotFoundError: No module named 'airflow.providers.standard'
[2025-11-30T00:05:22.964+0000] {processor.py:842} WARNING - No viable dags retrieved from /opt/airflow/dags/incremental_pipeline.py
[2025-11-30T00:05:22.979+0000] {processor.py:183} INFO - Processing /opt/airflow/dags/incremental_pipeline.py took 0.031 seconds
[2025-11-30T00:05:53.185+0000] {processor.py:161} INFO - Started process (PID=72) to work on /opt/airflow/dags/incremental_pipeline.py
[2025-11-30T00:05:53.186+0000] {processor.py:830} INFO - Processing file /opt/airflow/dags/incremental_pipeline.py for tasks to queue
[2025-11-30T00:05:53.189+0000] {logging_mixin.py:188} INFO - [2025-11-30T00:05:53.188+0000] {dagbag.py:545} INFO - Filling up the DagBag from /opt/airflow/dags/incremental_pipeline.py
[2025-11-30T00:05:53.195+0000] {logging_mixin.py:188} INFO - [2025-11-30T00:05:53.193+0000] {dagbag.py:355} ERROR - Failed to import: /opt/airflow/dags/incremental_pipeline.py
Traceback (most recent call last):
  File "/home/airflow/.local/lib/python3.12/site-packages/airflow/models/dagbag.py", line 351, in parse
    loader.exec_module(new_module)
  File "<frozen importlib._bootstrap_external>", line 995, in exec_module
  File "<frozen importlib._bootstrap>", line 488, in _call_with_frames_removed
  File "/opt/airflow/dags/incremental_pipeline.py", line 2, in <module>
    from airflow.providers.standard.operators.bash import BashOperator
ModuleNotFoundError: No module named 'airflow.providers.standard'
[2025-11-30T00:05:53.196+0000] {processor.py:842} WARNING - No viable dags retrieved from /opt/airflow/dags/incremental_pipeline.py
[2025-11-30T00:05:53.210+0000] {processor.py:183} INFO - Processing /opt/airflow/dags/incremental_pipeline.py took 0.032 seconds
[2025-11-30T00:06:23.425+0000] {processor.py:161} INFO - Started process (PID=73) to work on /opt/airflow/dags/incremental_pipeline.py
[2025-11-30T00:06:23.426+0000] {processor.py:830} INFO - Processing file /opt/airflow/dags/incremental_pipeline.py for tasks to queue
[2025-11-30T00:06:23.429+0000] {logging_mixin.py:188} INFO - [2025-11-30T00:06:23.428+0000] {dagbag.py:545} INFO - Filling up the DagBag from /opt/airflow/dags/incremental_pipeline.py
[2025-11-30T00:06:23.436+0000] {logging_mixin.py:188} INFO - [2025-11-30T00:06:23.435+0000] {dagbag.py:355} ERROR - Failed to import: /opt/airflow/dags/incremental_pipeline.py
Traceback (most recent call last):
  File "/home/airflow/.local/lib/python3.12/site-packages/airflow/models/dagbag.py", line 351, in parse
    loader.exec_module(new_module)
  File "<frozen importlib._bootstrap_external>", line 995, in exec_module
  File "<frozen importlib._bootstrap>", line 488, in _call_with_frames_removed
  File "/opt/airflow/dags/incremental_pipeline.py", line 2, in <module>
    from airflow.providers.standard.operators.bash import BashOperator
ModuleNotFoundError: No module named 'airflow.providers.standard'
[2025-11-30T00:06:23.436+0000] {processor.py:842} WARNING - No viable dags retrieved from /opt/airflow/dags/incremental_pipeline.py
[2025-11-30T00:06:23.452+0000] {processor.py:183} INFO - Processing /opt/airflow/dags/incremental_pipeline.py took 0.035 seconds
[2025-11-30T00:06:53.664+0000] {processor.py:161} INFO - Started process (PID=74) to work on /opt/airflow/dags/incremental_pipeline.py
[2025-11-30T00:06:53.666+0000] {processor.py:830} INFO - Processing file /opt/airflow/dags/incremental_pipeline.py for tasks to queue
[2025-11-30T00:06:53.669+0000] {logging_mixin.py:188} INFO - [2025-11-30T00:06:53.669+0000] {dagbag.py:545} INFO - Filling up the DagBag from /opt/airflow/dags/incremental_pipeline.py
[2025-11-30T00:06:53.676+0000] {logging_mixin.py:188} INFO - [2025-11-30T00:06:53.674+0000] {dagbag.py:355} ERROR - Failed to import: /opt/airflow/dags/incremental_pipeline.py
Traceback (most recent call last):
  File "/home/airflow/.local/lib/python3.12/site-packages/airflow/models/dagbag.py", line 351, in parse
    loader.exec_module(new_module)
  File "<frozen importlib._bootstrap_external>", line 995, in exec_module
  File "<frozen importlib._bootstrap>", line 488, in _call_with_frames_removed
  File "/opt/airflow/dags/incremental_pipeline.py", line 2, in <module>
    from airflow.providers.standard.operators.bash import BashOperator
ModuleNotFoundError: No module named 'airflow.providers.standard'
[2025-11-30T00:06:53.676+0000] {processor.py:842} WARNING - No viable dags retrieved from /opt/airflow/dags/incremental_pipeline.py
[2025-11-30T00:06:53.693+0000] {processor.py:183} INFO - Processing /opt/airflow/dags/incremental_pipeline.py took 0.039 seconds
[2025-11-30T00:07:23.902+0000] {processor.py:161} INFO - Started process (PID=75) to work on /opt/airflow/dags/incremental_pipeline.py
[2025-11-30T00:07:23.903+0000] {processor.py:830} INFO - Processing file /opt/airflow/dags/incremental_pipeline.py for tasks to queue
[2025-11-30T00:07:23.906+0000] {logging_mixin.py:188} INFO - [2025-11-30T00:07:23.905+0000] {dagbag.py:545} INFO - Filling up the DagBag from /opt/airflow/dags/incremental_pipeline.py
[2025-11-30T00:07:23.911+0000] {logging_mixin.py:188} INFO - [2025-11-30T00:07:23.909+0000] {dagbag.py:355} ERROR - Failed to import: /opt/airflow/dags/incremental_pipeline.py
Traceback (most recent call last):
  File "/home/airflow/.local/lib/python3.12/site-packages/airflow/models/dagbag.py", line 351, in parse
    loader.exec_module(new_module)
  File "<frozen importlib._bootstrap_external>", line 995, in exec_module
  File "<frozen importlib._bootstrap>", line 488, in _call_with_frames_removed
  File "/opt/airflow/dags/incremental_pipeline.py", line 2, in <module>
    from airflow.providers.standard.operators.bash import BashOperator
ModuleNotFoundError: No module named 'airflow.providers.standard'
[2025-11-30T00:07:23.911+0000] {processor.py:842} WARNING - No viable dags retrieved from /opt/airflow/dags/incremental_pipeline.py
[2025-11-30T00:07:23.929+0000] {processor.py:183} INFO - Processing /opt/airflow/dags/incremental_pipeline.py took 0.034 seconds
[2025-11-30T00:07:54.157+0000] {processor.py:161} INFO - Started process (PID=76) to work on /opt/airflow/dags/incremental_pipeline.py
[2025-11-30T00:07:54.159+0000] {processor.py:830} INFO - Processing file /opt/airflow/dags/incremental_pipeline.py for tasks to queue
[2025-11-30T00:07:54.162+0000] {logging_mixin.py:188} INFO - [2025-11-30T00:07:54.161+0000] {dagbag.py:545} INFO - Filling up the DagBag from /opt/airflow/dags/incremental_pipeline.py
[2025-11-30T00:07:54.167+0000] {logging_mixin.py:188} INFO - [2025-11-30T00:07:54.165+0000] {dagbag.py:355} ERROR - Failed to import: /opt/airflow/dags/incremental_pipeline.py
Traceback (most recent call last):
  File "/home/airflow/.local/lib/python3.12/site-packages/airflow/models/dagbag.py", line 351, in parse
    loader.exec_module(new_module)
  File "<frozen importlib._bootstrap_external>", line 995, in exec_module
  File "<frozen importlib._bootstrap>", line 488, in _call_with_frames_removed
  File "/opt/airflow/dags/incremental_pipeline.py", line 2, in <module>
    from airflow.providers.standard.operators.bash import BashOperator
ModuleNotFoundError: No module named 'airflow.providers.standard'
[2025-11-30T00:07:54.167+0000] {processor.py:842} WARNING - No viable dags retrieved from /opt/airflow/dags/incremental_pipeline.py
[2025-11-30T00:07:54.182+0000] {processor.py:183} INFO - Processing /opt/airflow/dags/incremental_pipeline.py took 0.035 seconds
[2025-11-30T00:08:24.405+0000] {processor.py:161} INFO - Started process (PID=77) to work on /opt/airflow/dags/incremental_pipeline.py
[2025-11-30T00:08:24.406+0000] {processor.py:830} INFO - Processing file /opt/airflow/dags/incremental_pipeline.py for tasks to queue
[2025-11-30T00:08:24.412+0000] {logging_mixin.py:188} INFO - [2025-11-30T00:08:24.410+0000] {dagbag.py:545} INFO - Filling up the DagBag from /opt/airflow/dags/incremental_pipeline.py
[2025-11-30T00:08:24.421+0000] {logging_mixin.py:188} INFO - [2025-11-30T00:08:24.419+0000] {dagbag.py:355} ERROR - Failed to import: /opt/airflow/dags/incremental_pipeline.py
Traceback (most recent call last):
  File "/home/airflow/.local/lib/python3.12/site-packages/airflow/models/dagbag.py", line 351, in parse
    loader.exec_module(new_module)
  File "<frozen importlib._bootstrap_external>", line 995, in exec_module
  File "<frozen importlib._bootstrap>", line 488, in _call_with_frames_removed
  File "/opt/airflow/dags/incremental_pipeline.py", line 2, in <module>
    from airflow.providers.standard.operators.bash import BashOperator
ModuleNotFoundError: No module named 'airflow.providers.standard'
[2025-11-30T00:08:24.421+0000] {processor.py:842} WARNING - No viable dags retrieved from /opt/airflow/dags/incremental_pipeline.py
[2025-11-30T00:08:24.439+0000] {processor.py:183} INFO - Processing /opt/airflow/dags/incremental_pipeline.py took 0.045 seconds
[2025-11-30T00:08:54.648+0000] {processor.py:161} INFO - Started process (PID=78) to work on /opt/airflow/dags/incremental_pipeline.py
[2025-11-30T00:08:54.650+0000] {processor.py:830} INFO - Processing file /opt/airflow/dags/incremental_pipeline.py for tasks to queue
[2025-11-30T00:08:54.657+0000] {logging_mixin.py:188} INFO - [2025-11-30T00:08:54.653+0000] {dagbag.py:545} INFO - Filling up the DagBag from /opt/airflow/dags/incremental_pipeline.py
[2025-11-30T00:08:54.664+0000] {logging_mixin.py:188} INFO - [2025-11-30T00:08:54.663+0000] {dagbag.py:355} ERROR - Failed to import: /opt/airflow/dags/incremental_pipeline.py
Traceback (most recent call last):
  File "/home/airflow/.local/lib/python3.12/site-packages/airflow/models/dagbag.py", line 351, in parse
    loader.exec_module(new_module)
  File "<frozen importlib._bootstrap_external>", line 995, in exec_module
  File "<frozen importlib._bootstrap>", line 488, in _call_with_frames_removed
  File "/opt/airflow/dags/incremental_pipeline.py", line 2, in <module>
    from airflow.providers.standard.operators.bash import BashOperator
ModuleNotFoundError: No module named 'airflow.providers.standard'
[2025-11-30T00:08:54.665+0000] {processor.py:842} WARNING - No viable dags retrieved from /opt/airflow/dags/incremental_pipeline.py
[2025-11-30T00:08:54.682+0000] {processor.py:183} INFO - Processing /opt/airflow/dags/incremental_pipeline.py took 0.044 seconds
[2025-11-30T00:09:24.926+0000] {processor.py:161} INFO - Started process (PID=79) to work on /opt/airflow/dags/incremental_pipeline.py
[2025-11-30T00:09:24.927+0000] {processor.py:830} INFO - Processing file /opt/airflow/dags/incremental_pipeline.py for tasks to queue
[2025-11-30T00:09:24.936+0000] {logging_mixin.py:188} INFO - [2025-11-30T00:09:24.934+0000] {dagbag.py:545} INFO - Filling up the DagBag from /opt/airflow/dags/incremental_pipeline.py
[2025-11-30T00:09:24.942+0000] {logging_mixin.py:188} INFO - [2025-11-30T00:09:24.940+0000] {dagbag.py:355} ERROR - Failed to import: /opt/airflow/dags/incremental_pipeline.py
Traceback (most recent call last):
  File "/home/airflow/.local/lib/python3.12/site-packages/airflow/models/dagbag.py", line 351, in parse
    loader.exec_module(new_module)
  File "<frozen importlib._bootstrap_external>", line 995, in exec_module
  File "<frozen importlib._bootstrap>", line 488, in _call_with_frames_removed
  File "/opt/airflow/dags/incremental_pipeline.py", line 2, in <module>
    from airflow.providers.standard.operators.bash import BashOperator
ModuleNotFoundError: No module named 'airflow.providers.standard'
[2025-11-30T00:09:24.942+0000] {processor.py:842} WARNING - No viable dags retrieved from /opt/airflow/dags/incremental_pipeline.py
[2025-11-30T00:09:24.959+0000] {processor.py:183} INFO - Processing /opt/airflow/dags/incremental_pipeline.py took 0.043 seconds
[2025-11-30T00:09:55.186+0000] {processor.py:161} INFO - Started process (PID=80) to work on /opt/airflow/dags/incremental_pipeline.py
[2025-11-30T00:09:55.189+0000] {processor.py:830} INFO - Processing file /opt/airflow/dags/incremental_pipeline.py for tasks to queue
[2025-11-30T00:09:55.193+0000] {logging_mixin.py:188} INFO - [2025-11-30T00:09:55.193+0000] {dagbag.py:545} INFO - Filling up the DagBag from /opt/airflow/dags/incremental_pipeline.py
[2025-11-30T00:09:55.199+0000] {logging_mixin.py:188} INFO - [2025-11-30T00:09:55.198+0000] {dagbag.py:355} ERROR - Failed to import: /opt/airflow/dags/incremental_pipeline.py
Traceback (most recent call last):
  File "/home/airflow/.local/lib/python3.12/site-packages/airflow/models/dagbag.py", line 351, in parse
    loader.exec_module(new_module)
  File "<frozen importlib._bootstrap_external>", line 995, in exec_module
  File "<frozen importlib._bootstrap>", line 488, in _call_with_frames_removed
  File "/opt/airflow/dags/incremental_pipeline.py", line 2, in <module>
    from airflow.providers.standard.operators.bash import BashOperator
ModuleNotFoundError: No module named 'airflow.providers.standard'
[2025-11-30T00:09:55.200+0000] {processor.py:842} WARNING - No viable dags retrieved from /opt/airflow/dags/incremental_pipeline.py
[2025-11-30T00:09:55.221+0000] {processor.py:183} INFO - Processing /opt/airflow/dags/incremental_pipeline.py took 0.049 seconds
[2025-11-30T00:10:25.404+0000] {processor.py:161} INFO - Started process (PID=81) to work on /opt/airflow/dags/incremental_pipeline.py
[2025-11-30T00:10:25.406+0000] {processor.py:830} INFO - Processing file /opt/airflow/dags/incremental_pipeline.py for tasks to queue
[2025-11-30T00:10:25.410+0000] {logging_mixin.py:188} INFO - [2025-11-30T00:10:25.409+0000] {dagbag.py:545} INFO - Filling up the DagBag from /opt/airflow/dags/incremental_pipeline.py
[2025-11-30T00:10:25.415+0000] {logging_mixin.py:188} INFO - [2025-11-30T00:10:25.414+0000] {dagbag.py:355} ERROR - Failed to import: /opt/airflow/dags/incremental_pipeline.py
Traceback (most recent call last):
  File "/home/airflow/.local/lib/python3.12/site-packages/airflow/models/dagbag.py", line 351, in parse
    loader.exec_module(new_module)
  File "<frozen importlib._bootstrap_external>", line 995, in exec_module
  File "<frozen importlib._bootstrap>", line 488, in _call_with_frames_removed
  File "/opt/airflow/dags/incremental_pipeline.py", line 2, in <module>
    from airflow.providers.standard.operators.bash import BashOperator
ModuleNotFoundError: No module named 'airflow.providers.standard'
[2025-11-30T00:10:25.416+0000] {processor.py:842} WARNING - No viable dags retrieved from /opt/airflow/dags/incremental_pipeline.py
[2025-11-30T00:10:25.434+0000] {processor.py:183} INFO - Processing /opt/airflow/dags/incremental_pipeline.py took 0.038 seconds
[2025-11-30T00:10:55.621+0000] {processor.py:161} INFO - Started process (PID=82) to work on /opt/airflow/dags/incremental_pipeline.py
[2025-11-30T00:10:55.622+0000] {processor.py:830} INFO - Processing file /opt/airflow/dags/incremental_pipeline.py for tasks to queue
[2025-11-30T00:10:55.625+0000] {logging_mixin.py:188} INFO - [2025-11-30T00:10:55.624+0000] {dagbag.py:545} INFO - Filling up the DagBag from /opt/airflow/dags/incremental_pipeline.py
[2025-11-30T00:10:55.630+0000] {logging_mixin.py:188} INFO - [2025-11-30T00:10:55.629+0000] {dagbag.py:355} ERROR - Failed to import: /opt/airflow/dags/incremental_pipeline.py
Traceback (most recent call last):
  File "/home/airflow/.local/lib/python3.12/site-packages/airflow/models/dagbag.py", line 351, in parse
    loader.exec_module(new_module)
  File "<frozen importlib._bootstrap_external>", line 995, in exec_module
  File "<frozen importlib._bootstrap>", line 488, in _call_with_frames_removed
  File "/opt/airflow/dags/incremental_pipeline.py", line 2, in <module>
    from airflow.providers.standard.operators.bash import BashOperator
ModuleNotFoundError: No module named 'airflow.providers.standard'
[2025-11-30T00:10:55.630+0000] {processor.py:842} WARNING - No viable dags retrieved from /opt/airflow/dags/incremental_pipeline.py
[2025-11-30T00:10:55.650+0000] {processor.py:183} INFO - Processing /opt/airflow/dags/incremental_pipeline.py took 0.037 seconds
[2025-11-30T00:11:25.837+0000] {processor.py:161} INFO - Started process (PID=83) to work on /opt/airflow/dags/incremental_pipeline.py
[2025-11-30T00:11:25.839+0000] {processor.py:830} INFO - Processing file /opt/airflow/dags/incremental_pipeline.py for tasks to queue
[2025-11-30T00:11:25.844+0000] {logging_mixin.py:188} INFO - [2025-11-30T00:11:25.844+0000] {dagbag.py:545} INFO - Filling up the DagBag from /opt/airflow/dags/incremental_pipeline.py
[2025-11-30T00:11:25.851+0000] {logging_mixin.py:188} INFO - [2025-11-30T00:11:25.849+0000] {dagbag.py:355} ERROR - Failed to import: /opt/airflow/dags/incremental_pipeline.py
Traceback (most recent call last):
  File "/home/airflow/.local/lib/python3.12/site-packages/airflow/models/dagbag.py", line 351, in parse
    loader.exec_module(new_module)
  File "<frozen importlib._bootstrap_external>", line 995, in exec_module
  File "<frozen importlib._bootstrap>", line 488, in _call_with_frames_removed
  File "/opt/airflow/dags/incremental_pipeline.py", line 2, in <module>
    from airflow.providers.standard.operators.bash import BashOperator
ModuleNotFoundError: No module named 'airflow.providers.standard'
[2025-11-30T00:11:25.851+0000] {processor.py:842} WARNING - No viable dags retrieved from /opt/airflow/dags/incremental_pipeline.py
[2025-11-30T00:11:25.867+0000] {processor.py:183} INFO - Processing /opt/airflow/dags/incremental_pipeline.py took 0.042 seconds
[2025-11-30T00:11:56.040+0000] {processor.py:161} INFO - Started process (PID=84) to work on /opt/airflow/dags/incremental_pipeline.py
[2025-11-30T00:11:56.041+0000] {processor.py:830} INFO - Processing file /opt/airflow/dags/incremental_pipeline.py for tasks to queue
[2025-11-30T00:11:56.045+0000] {logging_mixin.py:188} INFO - [2025-11-30T00:11:56.044+0000] {dagbag.py:545} INFO - Filling up the DagBag from /opt/airflow/dags/incremental_pipeline.py
[2025-11-30T00:11:56.051+0000] {logging_mixin.py:188} INFO - [2025-11-30T00:11:56.050+0000] {dagbag.py:355} ERROR - Failed to import: /opt/airflow/dags/incremental_pipeline.py
Traceback (most recent call last):
  File "/home/airflow/.local/lib/python3.12/site-packages/airflow/models/dagbag.py", line 351, in parse
    loader.exec_module(new_module)
  File "<frozen importlib._bootstrap_external>", line 995, in exec_module
  File "<frozen importlib._bootstrap>", line 488, in _call_with_frames_removed
  File "/opt/airflow/dags/incremental_pipeline.py", line 2, in <module>
    from airflow.providers.standard.operators.bash import BashOperator
ModuleNotFoundError: No module named 'airflow.providers.standard'
[2025-11-30T00:11:56.052+0000] {processor.py:842} WARNING - No viable dags retrieved from /opt/airflow/dags/incremental_pipeline.py
[2025-11-30T00:11:56.070+0000] {processor.py:183} INFO - Processing /opt/airflow/dags/incremental_pipeline.py took 0.043 seconds
[2025-11-30T00:12:26.239+0000] {processor.py:161} INFO - Started process (PID=85) to work on /opt/airflow/dags/incremental_pipeline.py
[2025-11-30T00:12:26.240+0000] {processor.py:830} INFO - Processing file /opt/airflow/dags/incremental_pipeline.py for tasks to queue
[2025-11-30T00:12:26.244+0000] {logging_mixin.py:188} INFO - [2025-11-30T00:12:26.243+0000] {dagbag.py:545} INFO - Filling up the DagBag from /opt/airflow/dags/incremental_pipeline.py
[2025-11-30T00:12:26.251+0000] {logging_mixin.py:188} INFO - [2025-11-30T00:12:26.249+0000] {dagbag.py:355} ERROR - Failed to import: /opt/airflow/dags/incremental_pipeline.py
Traceback (most recent call last):
  File "/home/airflow/.local/lib/python3.12/site-packages/airflow/models/dagbag.py", line 351, in parse
    loader.exec_module(new_module)
  File "<frozen importlib._bootstrap_external>", line 995, in exec_module
  File "<frozen importlib._bootstrap>", line 488, in _call_with_frames_removed
  File "/opt/airflow/dags/incremental_pipeline.py", line 2, in <module>
    from airflow.providers.standard.operators.bash import BashOperator
ModuleNotFoundError: No module named 'airflow.providers.standard'
[2025-11-30T00:12:26.251+0000] {processor.py:842} WARNING - No viable dags retrieved from /opt/airflow/dags/incremental_pipeline.py
[2025-11-30T00:12:26.270+0000] {processor.py:183} INFO - Processing /opt/airflow/dags/incremental_pipeline.py took 0.048 seconds
[2025-11-30T00:12:56.441+0000] {processor.py:161} INFO - Started process (PID=86) to work on /opt/airflow/dags/incremental_pipeline.py
[2025-11-30T00:12:56.442+0000] {processor.py:830} INFO - Processing file /opt/airflow/dags/incremental_pipeline.py for tasks to queue
[2025-11-30T00:12:56.447+0000] {logging_mixin.py:188} INFO - [2025-11-30T00:12:56.446+0000] {dagbag.py:545} INFO - Filling up the DagBag from /opt/airflow/dags/incremental_pipeline.py
[2025-11-30T00:12:56.455+0000] {logging_mixin.py:188} INFO - [2025-11-30T00:12:56.453+0000] {dagbag.py:355} ERROR - Failed to import: /opt/airflow/dags/incremental_pipeline.py
Traceback (most recent call last):
  File "/home/airflow/.local/lib/python3.12/site-packages/airflow/models/dagbag.py", line 351, in parse
    loader.exec_module(new_module)
  File "<frozen importlib._bootstrap_external>", line 995, in exec_module
  File "<frozen importlib._bootstrap>", line 488, in _call_with_frames_removed
  File "/opt/airflow/dags/incremental_pipeline.py", line 2, in <module>
    from airflow.providers.standard.operators.bash import BashOperator
ModuleNotFoundError: No module named 'airflow.providers.standard'
[2025-11-30T00:12:56.455+0000] {processor.py:842} WARNING - No viable dags retrieved from /opt/airflow/dags/incremental_pipeline.py
[2025-11-30T00:12:56.473+0000] {processor.py:183} INFO - Processing /opt/airflow/dags/incremental_pipeline.py took 0.044 seconds
[2025-11-30T00:13:26.643+0000] {processor.py:161} INFO - Started process (PID=87) to work on /opt/airflow/dags/incremental_pipeline.py
[2025-11-30T00:13:26.645+0000] {processor.py:830} INFO - Processing file /opt/airflow/dags/incremental_pipeline.py for tasks to queue
[2025-11-30T00:13:26.649+0000] {logging_mixin.py:188} INFO - [2025-11-30T00:13:26.648+0000] {dagbag.py:545} INFO - Filling up the DagBag from /opt/airflow/dags/incremental_pipeline.py
[2025-11-30T00:13:26.655+0000] {logging_mixin.py:188} INFO - [2025-11-30T00:13:26.653+0000] {dagbag.py:355} ERROR - Failed to import: /opt/airflow/dags/incremental_pipeline.py
Traceback (most recent call last):
  File "/home/airflow/.local/lib/python3.12/site-packages/airflow/models/dagbag.py", line 351, in parse
    loader.exec_module(new_module)
  File "<frozen importlib._bootstrap_external>", line 995, in exec_module
  File "<frozen importlib._bootstrap>", line 488, in _call_with_frames_removed
  File "/opt/airflow/dags/incremental_pipeline.py", line 2, in <module>
    from airflow.providers.standard.operators.bash import BashOperator
ModuleNotFoundError: No module named 'airflow.providers.standard'
[2025-11-30T00:13:26.656+0000] {processor.py:842} WARNING - No viable dags retrieved from /opt/airflow/dags/incremental_pipeline.py
[2025-11-30T00:13:26.675+0000] {processor.py:183} INFO - Processing /opt/airflow/dags/incremental_pipeline.py took 0.046 seconds
[2025-11-30T00:13:56.818+0000] {processor.py:161} INFO - Started process (PID=88) to work on /opt/airflow/dags/incremental_pipeline.py
[2025-11-30T00:13:56.819+0000] {processor.py:830} INFO - Processing file /opt/airflow/dags/incremental_pipeline.py for tasks to queue
[2025-11-30T00:13:56.822+0000] {logging_mixin.py:188} INFO - [2025-11-30T00:13:56.821+0000] {dagbag.py:545} INFO - Filling up the DagBag from /opt/airflow/dags/incremental_pipeline.py
[2025-11-30T00:13:56.828+0000] {logging_mixin.py:188} INFO - [2025-11-30T00:13:56.827+0000] {dagbag.py:355} ERROR - Failed to import: /opt/airflow/dags/incremental_pipeline.py
Traceback (most recent call last):
  File "/home/airflow/.local/lib/python3.12/site-packages/airflow/models/dagbag.py", line 351, in parse
    loader.exec_module(new_module)
  File "<frozen importlib._bootstrap_external>", line 995, in exec_module
  File "<frozen importlib._bootstrap>", line 488, in _call_with_frames_removed
  File "/opt/airflow/dags/incremental_pipeline.py", line 2, in <module>
    from airflow.providers.standard.operators.bash import BashOperator
ModuleNotFoundError: No module named 'airflow.providers.standard'
[2025-11-30T00:13:56.829+0000] {processor.py:842} WARNING - No viable dags retrieved from /opt/airflow/dags/incremental_pipeline.py
[2025-11-30T00:13:56.843+0000] {processor.py:183} INFO - Processing /opt/airflow/dags/incremental_pipeline.py took 0.034 seconds
[2025-11-30T00:14:27.043+0000] {processor.py:161} INFO - Started process (PID=89) to work on /opt/airflow/dags/incremental_pipeline.py
[2025-11-30T00:14:27.045+0000] {processor.py:830} INFO - Processing file /opt/airflow/dags/incremental_pipeline.py for tasks to queue
[2025-11-30T00:14:27.049+0000] {logging_mixin.py:188} INFO - [2025-11-30T00:14:27.048+0000] {dagbag.py:545} INFO - Filling up the DagBag from /opt/airflow/dags/incremental_pipeline.py
[2025-11-30T00:14:27.055+0000] {logging_mixin.py:188} INFO - [2025-11-30T00:14:27.053+0000] {dagbag.py:355} ERROR - Failed to import: /opt/airflow/dags/incremental_pipeline.py
Traceback (most recent call last):
  File "/home/airflow/.local/lib/python3.12/site-packages/airflow/models/dagbag.py", line 351, in parse
    loader.exec_module(new_module)
  File "<frozen importlib._bootstrap_external>", line 995, in exec_module
  File "<frozen importlib._bootstrap>", line 488, in _call_with_frames_removed
  File "/opt/airflow/dags/incremental_pipeline.py", line 2, in <module>
    from airflow.providers.standard.operators.bash import BashOperator
ModuleNotFoundError: No module named 'airflow.providers.standard'
[2025-11-30T00:14:27.055+0000] {processor.py:842} WARNING - No viable dags retrieved from /opt/airflow/dags/incremental_pipeline.py
[2025-11-30T00:14:27.077+0000] {processor.py:183} INFO - Processing /opt/airflow/dags/incremental_pipeline.py took 0.046 seconds
[2025-11-30T00:14:57.246+0000] {processor.py:161} INFO - Started process (PID=90) to work on /opt/airflow/dags/incremental_pipeline.py
[2025-11-30T00:14:57.248+0000] {processor.py:830} INFO - Processing file /opt/airflow/dags/incremental_pipeline.py for tasks to queue
[2025-11-30T00:14:57.250+0000] {logging_mixin.py:188} INFO - [2025-11-30T00:14:57.250+0000] {dagbag.py:545} INFO - Filling up the DagBag from /opt/airflow/dags/incremental_pipeline.py
[2025-11-30T00:14:57.261+0000] {logging_mixin.py:188} INFO - [2025-11-30T00:14:57.259+0000] {dagbag.py:355} ERROR - Failed to import: /opt/airflow/dags/incremental_pipeline.py
Traceback (most recent call last):
  File "/home/airflow/.local/lib/python3.12/site-packages/airflow/models/dagbag.py", line 351, in parse
    loader.exec_module(new_module)
  File "<frozen importlib._bootstrap_external>", line 995, in exec_module
  File "<frozen importlib._bootstrap>", line 488, in _call_with_frames_removed
  File "/opt/airflow/dags/incremental_pipeline.py", line 2, in <module>
    from airflow.providers.standard.operators.bash import BashOperator
ModuleNotFoundError: No module named 'airflow.providers.standard'
[2025-11-30T00:14:57.262+0000] {processor.py:842} WARNING - No viable dags retrieved from /opt/airflow/dags/incremental_pipeline.py
[2025-11-30T00:14:57.286+0000] {processor.py:183} INFO - Processing /opt/airflow/dags/incremental_pipeline.py took 0.047 seconds
[2025-11-30T00:15:27.456+0000] {processor.py:161} INFO - Started process (PID=91) to work on /opt/airflow/dags/incremental_pipeline.py
[2025-11-30T00:15:27.457+0000] {processor.py:830} INFO - Processing file /opt/airflow/dags/incremental_pipeline.py for tasks to queue
[2025-11-30T00:15:27.461+0000] {logging_mixin.py:188} INFO - [2025-11-30T00:15:27.460+0000] {dagbag.py:545} INFO - Filling up the DagBag from /opt/airflow/dags/incremental_pipeline.py
[2025-11-30T00:15:27.467+0000] {logging_mixin.py:188} INFO - [2025-11-30T00:15:27.465+0000] {dagbag.py:355} ERROR - Failed to import: /opt/airflow/dags/incremental_pipeline.py
Traceback (most recent call last):
  File "/home/airflow/.local/lib/python3.12/site-packages/airflow/models/dagbag.py", line 351, in parse
    loader.exec_module(new_module)
  File "<frozen importlib._bootstrap_external>", line 995, in exec_module
  File "<frozen importlib._bootstrap>", line 488, in _call_with_frames_removed
  File "/opt/airflow/dags/incremental_pipeline.py", line 2, in <module>
    from airflow.providers.standard.operators.bash import BashOperator
ModuleNotFoundError: No module named 'airflow.providers.standard'
[2025-11-30T00:15:27.468+0000] {processor.py:842} WARNING - No viable dags retrieved from /opt/airflow/dags/incremental_pipeline.py
[2025-11-30T00:15:27.489+0000] {processor.py:183} INFO - Processing /opt/airflow/dags/incremental_pipeline.py took 0.045 seconds
[2025-11-30T00:15:57.651+0000] {processor.py:161} INFO - Started process (PID=92) to work on /opt/airflow/dags/incremental_pipeline.py
[2025-11-30T00:15:57.652+0000] {processor.py:830} INFO - Processing file /opt/airflow/dags/incremental_pipeline.py for tasks to queue
[2025-11-30T00:15:57.656+0000] {logging_mixin.py:188} INFO - [2025-11-30T00:15:57.655+0000] {dagbag.py:545} INFO - Filling up the DagBag from /opt/airflow/dags/incremental_pipeline.py
[2025-11-30T00:15:57.665+0000] {logging_mixin.py:188} INFO - [2025-11-30T00:15:57.663+0000] {dagbag.py:355} ERROR - Failed to import: /opt/airflow/dags/incremental_pipeline.py
Traceback (most recent call last):
  File "/home/airflow/.local/lib/python3.12/site-packages/airflow/models/dagbag.py", line 351, in parse
    loader.exec_module(new_module)
  File "<frozen importlib._bootstrap_external>", line 995, in exec_module
  File "<frozen importlib._bootstrap>", line 488, in _call_with_frames_removed
  File "/opt/airflow/dags/incremental_pipeline.py", line 2, in <module>
    from airflow.providers.standard.operators.bash import BashOperator
ModuleNotFoundError: No module named 'airflow.providers.standard'
[2025-11-30T00:15:57.665+0000] {processor.py:842} WARNING - No viable dags retrieved from /opt/airflow/dags/incremental_pipeline.py
[2025-11-30T00:15:57.681+0000] {processor.py:183} INFO - Processing /opt/airflow/dags/incremental_pipeline.py took 0.051 seconds
[2025-11-30T00:16:27.849+0000] {processor.py:161} INFO - Started process (PID=93) to work on /opt/airflow/dags/incremental_pipeline.py
[2025-11-30T00:16:27.851+0000] {processor.py:830} INFO - Processing file /opt/airflow/dags/incremental_pipeline.py for tasks to queue
[2025-11-30T00:16:27.856+0000] {logging_mixin.py:188} INFO - [2025-11-30T00:16:27.855+0000] {dagbag.py:545} INFO - Filling up the DagBag from /opt/airflow/dags/incremental_pipeline.py
[2025-11-30T00:16:27.863+0000] {logging_mixin.py:188} INFO - [2025-11-30T00:16:27.861+0000] {dagbag.py:355} ERROR - Failed to import: /opt/airflow/dags/incremental_pipeline.py
Traceback (most recent call last):
  File "/home/airflow/.local/lib/python3.12/site-packages/airflow/models/dagbag.py", line 351, in parse
    loader.exec_module(new_module)
  File "<frozen importlib._bootstrap_external>", line 995, in exec_module
  File "<frozen importlib._bootstrap>", line 488, in _call_with_frames_removed
  File "/opt/airflow/dags/incremental_pipeline.py", line 2, in <module>
    from airflow.providers.standard.operators.bash import BashOperator
ModuleNotFoundError: No module named 'airflow.providers.standard'
[2025-11-30T00:16:27.863+0000] {processor.py:842} WARNING - No viable dags retrieved from /opt/airflow/dags/incremental_pipeline.py
[2025-11-30T00:16:27.882+0000] {processor.py:183} INFO - Processing /opt/airflow/dags/incremental_pipeline.py took 0.044 seconds
[2025-11-30T00:16:58.050+0000] {processor.py:161} INFO - Started process (PID=94) to work on /opt/airflow/dags/incremental_pipeline.py
[2025-11-30T00:16:58.052+0000] {processor.py:830} INFO - Processing file /opt/airflow/dags/incremental_pipeline.py for tasks to queue
[2025-11-30T00:16:58.057+0000] {logging_mixin.py:188} INFO - [2025-11-30T00:16:58.056+0000] {dagbag.py:545} INFO - Filling up the DagBag from /opt/airflow/dags/incremental_pipeline.py
[2025-11-30T00:16:58.064+0000] {logging_mixin.py:188} INFO - [2025-11-30T00:16:58.062+0000] {dagbag.py:355} ERROR - Failed to import: /opt/airflow/dags/incremental_pipeline.py
Traceback (most recent call last):
  File "/home/airflow/.local/lib/python3.12/site-packages/airflow/models/dagbag.py", line 351, in parse
    loader.exec_module(new_module)
  File "<frozen importlib._bootstrap_external>", line 995, in exec_module
  File "<frozen importlib._bootstrap>", line 488, in _call_with_frames_removed
  File "/opt/airflow/dags/incremental_pipeline.py", line 2, in <module>
    from airflow.providers.standard.operators.bash import BashOperator
ModuleNotFoundError: No module named 'airflow.providers.standard'
[2025-11-30T00:16:58.065+0000] {processor.py:842} WARNING - No viable dags retrieved from /opt/airflow/dags/incremental_pipeline.py
[2025-11-30T00:16:58.088+0000] {processor.py:183} INFO - Processing /opt/airflow/dags/incremental_pipeline.py took 0.050 seconds
[2025-11-30T00:17:28.237+0000] {processor.py:161} INFO - Started process (PID=95) to work on /opt/airflow/dags/incremental_pipeline.py
[2025-11-30T00:17:28.239+0000] {processor.py:830} INFO - Processing file /opt/airflow/dags/incremental_pipeline.py for tasks to queue
[2025-11-30T00:17:28.243+0000] {logging_mixin.py:188} INFO - [2025-11-30T00:17:28.243+0000] {dagbag.py:545} INFO - Filling up the DagBag from /opt/airflow/dags/incremental_pipeline.py
[2025-11-30T00:17:28.249+0000] {logging_mixin.py:188} INFO - [2025-11-30T00:17:28.248+0000] {dagbag.py:355} ERROR - Failed to import: /opt/airflow/dags/incremental_pipeline.py
Traceback (most recent call last):
  File "/home/airflow/.local/lib/python3.12/site-packages/airflow/models/dagbag.py", line 351, in parse
    loader.exec_module(new_module)
  File "<frozen importlib._bootstrap_external>", line 995, in exec_module
  File "<frozen importlib._bootstrap>", line 488, in _call_with_frames_removed
  File "/opt/airflow/dags/incremental_pipeline.py", line 2, in <module>
    from airflow.providers.standard.operators.bash import BashOperator
ModuleNotFoundError: No module named 'airflow.providers.standard'
[2025-11-30T00:17:28.250+0000] {processor.py:842} WARNING - No viable dags retrieved from /opt/airflow/dags/incremental_pipeline.py
[2025-11-30T00:17:28.268+0000] {processor.py:183} INFO - Processing /opt/airflow/dags/incremental_pipeline.py took 0.040 seconds
[2025-11-30T00:17:58.457+0000] {processor.py:161} INFO - Started process (PID=96) to work on /opt/airflow/dags/incremental_pipeline.py
[2025-11-30T00:17:58.458+0000] {processor.py:830} INFO - Processing file /opt/airflow/dags/incremental_pipeline.py for tasks to queue
[2025-11-30T00:17:58.466+0000] {logging_mixin.py:188} INFO - [2025-11-30T00:17:58.465+0000] {dagbag.py:545} INFO - Filling up the DagBag from /opt/airflow/dags/incremental_pipeline.py
[2025-11-30T00:17:58.472+0000] {logging_mixin.py:188} INFO - [2025-11-30T00:17:58.470+0000] {dagbag.py:355} ERROR - Failed to import: /opt/airflow/dags/incremental_pipeline.py
Traceback (most recent call last):
  File "/home/airflow/.local/lib/python3.12/site-packages/airflow/models/dagbag.py", line 351, in parse
    loader.exec_module(new_module)
  File "<frozen importlib._bootstrap_external>", line 995, in exec_module
  File "<frozen importlib._bootstrap>", line 488, in _call_with_frames_removed
  File "/opt/airflow/dags/incremental_pipeline.py", line 2, in <module>
    from airflow.providers.standard.operators.bash import BashOperator
ModuleNotFoundError: No module named 'airflow.providers.standard'
[2025-11-30T00:17:58.472+0000] {processor.py:842} WARNING - No viable dags retrieved from /opt/airflow/dags/incremental_pipeline.py
[2025-11-30T00:17:58.491+0000] {processor.py:183} INFO - Processing /opt/airflow/dags/incremental_pipeline.py took 0.048 seconds
[2025-11-30T00:18:28.628+0000] {processor.py:161} INFO - Started process (PID=97) to work on /opt/airflow/dags/incremental_pipeline.py
[2025-11-30T00:18:28.629+0000] {processor.py:830} INFO - Processing file /opt/airflow/dags/incremental_pipeline.py for tasks to queue
[2025-11-30T00:18:28.631+0000] {logging_mixin.py:188} INFO - [2025-11-30T00:18:28.631+0000] {dagbag.py:545} INFO - Filling up the DagBag from /opt/airflow/dags/incremental_pipeline.py
[2025-11-30T00:18:28.637+0000] {logging_mixin.py:188} INFO - [2025-11-30T00:18:28.635+0000] {dagbag.py:355} ERROR - Failed to import: /opt/airflow/dags/incremental_pipeline.py
Traceback (most recent call last):
  File "/home/airflow/.local/lib/python3.12/site-packages/airflow/models/dagbag.py", line 351, in parse
    loader.exec_module(new_module)
  File "<frozen importlib._bootstrap_external>", line 995, in exec_module
  File "<frozen importlib._bootstrap>", line 488, in _call_with_frames_removed
  File "/opt/airflow/dags/incremental_pipeline.py", line 2, in <module>
    from airflow.providers.standard.operators.bash import BashOperator
ModuleNotFoundError: No module named 'airflow.providers.standard'
[2025-11-30T00:18:28.637+0000] {processor.py:842} WARNING - No viable dags retrieved from /opt/airflow/dags/incremental_pipeline.py
[2025-11-30T00:18:28.653+0000] {processor.py:183} INFO - Processing /opt/airflow/dags/incremental_pipeline.py took 0.032 seconds
[2025-11-30T00:18:58.851+0000] {processor.py:161} INFO - Started process (PID=98) to work on /opt/airflow/dags/incremental_pipeline.py
[2025-11-30T00:18:58.853+0000] {processor.py:830} INFO - Processing file /opt/airflow/dags/incremental_pipeline.py for tasks to queue
[2025-11-30T00:18:58.857+0000] {logging_mixin.py:188} INFO - [2025-11-30T00:18:58.856+0000] {dagbag.py:545} INFO - Filling up the DagBag from /opt/airflow/dags/incremental_pipeline.py
[2025-11-30T00:18:58.866+0000] {logging_mixin.py:188} INFO - [2025-11-30T00:18:58.863+0000] {dagbag.py:355} ERROR - Failed to import: /opt/airflow/dags/incremental_pipeline.py
Traceback (most recent call last):
  File "/home/airflow/.local/lib/python3.12/site-packages/airflow/models/dagbag.py", line 351, in parse
    loader.exec_module(new_module)
  File "<frozen importlib._bootstrap_external>", line 995, in exec_module
  File "<frozen importlib._bootstrap>", line 488, in _call_with_frames_removed
  File "/opt/airflow/dags/incremental_pipeline.py", line 2, in <module>
    from airflow.providers.standard.operators.bash import BashOperator
ModuleNotFoundError: No module named 'airflow.providers.standard'
[2025-11-30T00:18:58.867+0000] {processor.py:842} WARNING - No viable dags retrieved from /opt/airflow/dags/incremental_pipeline.py
[2025-11-30T00:18:58.890+0000] {processor.py:183} INFO - Processing /opt/airflow/dags/incremental_pipeline.py took 0.061 seconds
[2025-11-30T00:19:29.040+0000] {processor.py:161} INFO - Started process (PID=99) to work on /opt/airflow/dags/incremental_pipeline.py
[2025-11-30T00:19:29.041+0000] {processor.py:830} INFO - Processing file /opt/airflow/dags/incremental_pipeline.py for tasks to queue
[2025-11-30T00:19:29.047+0000] {logging_mixin.py:188} INFO - [2025-11-30T00:19:29.045+0000] {dagbag.py:545} INFO - Filling up the DagBag from /opt/airflow/dags/incremental_pipeline.py
[2025-11-30T00:19:29.053+0000] {logging_mixin.py:188} INFO - [2025-11-30T00:19:29.052+0000] {dagbag.py:355} ERROR - Failed to import: /opt/airflow/dags/incremental_pipeline.py
Traceback (most recent call last):
  File "/home/airflow/.local/lib/python3.12/site-packages/airflow/models/dagbag.py", line 351, in parse
    loader.exec_module(new_module)
  File "<frozen importlib._bootstrap_external>", line 995, in exec_module
  File "<frozen importlib._bootstrap>", line 488, in _call_with_frames_removed
  File "/opt/airflow/dags/incremental_pipeline.py", line 2, in <module>
    from airflow.providers.standard.operators.bash import BashOperator
ModuleNotFoundError: No module named 'airflow.providers.standard'
[2025-11-30T00:19:29.054+0000] {processor.py:842} WARNING - No viable dags retrieved from /opt/airflow/dags/incremental_pipeline.py
[2025-11-30T00:19:29.071+0000] {processor.py:183} INFO - Processing /opt/airflow/dags/incremental_pipeline.py took 0.041 seconds
[2025-11-30T00:19:59.186+0000] {processor.py:161} INFO - Started process (PID=100) to work on /opt/airflow/dags/incremental_pipeline.py
[2025-11-30T00:19:59.187+0000] {processor.py:830} INFO - Processing file /opt/airflow/dags/incremental_pipeline.py for tasks to queue
[2025-11-30T00:19:59.193+0000] {logging_mixin.py:188} INFO - [2025-11-30T00:19:59.192+0000] {dagbag.py:545} INFO - Filling up the DagBag from /opt/airflow/dags/incremental_pipeline.py
[2025-11-30T00:19:59.201+0000] {logging_mixin.py:188} INFO - [2025-11-30T00:19:59.199+0000] {dagbag.py:355} ERROR - Failed to import: /opt/airflow/dags/incremental_pipeline.py
Traceback (most recent call last):
  File "/home/airflow/.local/lib/python3.12/site-packages/airflow/models/dagbag.py", line 351, in parse
    loader.exec_module(new_module)
  File "<frozen importlib._bootstrap_external>", line 995, in exec_module
  File "<frozen importlib._bootstrap>", line 488, in _call_with_frames_removed
  File "/opt/airflow/dags/incremental_pipeline.py", line 2, in <module>
    from airflow.providers.standard.operators.bash import BashOperator
ModuleNotFoundError: No module named 'airflow.providers.standard'
[2025-11-30T00:19:59.202+0000] {processor.py:842} WARNING - No viable dags retrieved from /opt/airflow/dags/incremental_pipeline.py
[2025-11-30T00:19:59.222+0000] {processor.py:183} INFO - Processing /opt/airflow/dags/incremental_pipeline.py took 0.045 seconds
[2025-11-30T00:20:29.364+0000] {processor.py:161} INFO - Started process (PID=101) to work on /opt/airflow/dags/incremental_pipeline.py
[2025-11-30T00:20:29.367+0000] {processor.py:830} INFO - Processing file /opt/airflow/dags/incremental_pipeline.py for tasks to queue
[2025-11-30T00:20:29.371+0000] {logging_mixin.py:188} INFO - [2025-11-30T00:20:29.370+0000] {dagbag.py:545} INFO - Filling up the DagBag from /opt/airflow/dags/incremental_pipeline.py
[2025-11-30T00:20:29.378+0000] {logging_mixin.py:188} INFO - [2025-11-30T00:20:29.377+0000] {dagbag.py:355} ERROR - Failed to import: /opt/airflow/dags/incremental_pipeline.py
Traceback (most recent call last):
  File "/home/airflow/.local/lib/python3.12/site-packages/airflow/models/dagbag.py", line 351, in parse
    loader.exec_module(new_module)
  File "<frozen importlib._bootstrap_external>", line 995, in exec_module
  File "<frozen importlib._bootstrap>", line 488, in _call_with_frames_removed
  File "/opt/airflow/dags/incremental_pipeline.py", line 2, in <module>
    from airflow.providers.standard.operators.bash import BashOperator
ModuleNotFoundError: No module named 'airflow.providers.standard'
[2025-11-30T00:20:29.379+0000] {processor.py:842} WARNING - No viable dags retrieved from /opt/airflow/dags/incremental_pipeline.py
[2025-11-30T00:20:29.404+0000] {processor.py:183} INFO - Processing /opt/airflow/dags/incremental_pipeline.py took 0.052 seconds
[2025-11-30T00:20:59.578+0000] {processor.py:161} INFO - Started process (PID=102) to work on /opt/airflow/dags/incremental_pipeline.py
[2025-11-30T00:20:59.580+0000] {processor.py:830} INFO - Processing file /opt/airflow/dags/incremental_pipeline.py for tasks to queue
[2025-11-30T00:20:59.583+0000] {logging_mixin.py:188} INFO - [2025-11-30T00:20:59.582+0000] {dagbag.py:545} INFO - Filling up the DagBag from /opt/airflow/dags/incremental_pipeline.py
[2025-11-30T00:20:59.589+0000] {logging_mixin.py:188} INFO - [2025-11-30T00:20:59.588+0000] {dagbag.py:355} ERROR - Failed to import: /opt/airflow/dags/incremental_pipeline.py
Traceback (most recent call last):
  File "/home/airflow/.local/lib/python3.12/site-packages/airflow/models/dagbag.py", line 351, in parse
    loader.exec_module(new_module)
  File "<frozen importlib._bootstrap_external>", line 995, in exec_module
  File "<frozen importlib._bootstrap>", line 488, in _call_with_frames_removed
  File "/opt/airflow/dags/incremental_pipeline.py", line 2, in <module>
    from airflow.providers.standard.operators.bash import BashOperator
ModuleNotFoundError: No module named 'airflow.providers.standard'
[2025-11-30T00:20:59.590+0000] {processor.py:842} WARNING - No viable dags retrieved from /opt/airflow/dags/incremental_pipeline.py
[2025-11-30T00:20:59.609+0000] {processor.py:183} INFO - Processing /opt/airflow/dags/incremental_pipeline.py took 0.044 seconds
[2025-11-30T00:21:29.750+0000] {processor.py:161} INFO - Started process (PID=103) to work on /opt/airflow/dags/incremental_pipeline.py
[2025-11-30T00:21:29.752+0000] {processor.py:830} INFO - Processing file /opt/airflow/dags/incremental_pipeline.py for tasks to queue
[2025-11-30T00:21:29.756+0000] {logging_mixin.py:188} INFO - [2025-11-30T00:21:29.755+0000] {dagbag.py:545} INFO - Filling up the DagBag from /opt/airflow/dags/incremental_pipeline.py
[2025-11-30T00:21:29.763+0000] {logging_mixin.py:188} INFO - [2025-11-30T00:21:29.761+0000] {dagbag.py:355} ERROR - Failed to import: /opt/airflow/dags/incremental_pipeline.py
Traceback (most recent call last):
  File "/home/airflow/.local/lib/python3.12/site-packages/airflow/models/dagbag.py", line 351, in parse
    loader.exec_module(new_module)
  File "<frozen importlib._bootstrap_external>", line 995, in exec_module
  File "<frozen importlib._bootstrap>", line 488, in _call_with_frames_removed
  File "/opt/airflow/dags/incremental_pipeline.py", line 2, in <module>
    from airflow.providers.standard.operators.bash import BashOperator
ModuleNotFoundError: No module named 'airflow.providers.standard'
[2025-11-30T00:21:29.764+0000] {processor.py:842} WARNING - No viable dags retrieved from /opt/airflow/dags/incremental_pipeline.py
[2025-11-30T00:21:29.784+0000] {processor.py:183} INFO - Processing /opt/airflow/dags/incremental_pipeline.py took 0.045 seconds
[2025-11-30T00:21:59.972+0000] {processor.py:161} INFO - Started process (PID=104) to work on /opt/airflow/dags/incremental_pipeline.py
[2025-11-30T00:21:59.976+0000] {processor.py:830} INFO - Processing file /opt/airflow/dags/incremental_pipeline.py for tasks to queue
[2025-11-30T00:21:59.980+0000] {logging_mixin.py:188} INFO - [2025-11-30T00:21:59.979+0000] {dagbag.py:545} INFO - Filling up the DagBag from /opt/airflow/dags/incremental_pipeline.py
[2025-11-30T00:21:59.986+0000] {logging_mixin.py:188} INFO - [2025-11-30T00:21:59.985+0000] {dagbag.py:355} ERROR - Failed to import: /opt/airflow/dags/incremental_pipeline.py
Traceback (most recent call last):
  File "/home/airflow/.local/lib/python3.12/site-packages/airflow/models/dagbag.py", line 351, in parse
    loader.exec_module(new_module)
  File "<frozen importlib._bootstrap_external>", line 995, in exec_module
  File "<frozen importlib._bootstrap>", line 488, in _call_with_frames_removed
  File "/opt/airflow/dags/incremental_pipeline.py", line 2, in <module>
    from airflow.providers.standard.operators.bash import BashOperator
ModuleNotFoundError: No module named 'airflow.providers.standard'
[2025-11-30T00:21:59.987+0000] {processor.py:842} WARNING - No viable dags retrieved from /opt/airflow/dags/incremental_pipeline.py
[2025-11-30T00:22:00.029+0000] {processor.py:183} INFO - Processing /opt/airflow/dags/incremental_pipeline.py took 0.074 seconds
[2025-11-30T00:22:30.169+0000] {processor.py:161} INFO - Started process (PID=105) to work on /opt/airflow/dags/incremental_pipeline.py
[2025-11-30T00:22:30.171+0000] {processor.py:830} INFO - Processing file /opt/airflow/dags/incremental_pipeline.py for tasks to queue
[2025-11-30T00:22:30.176+0000] {logging_mixin.py:188} INFO - [2025-11-30T00:22:30.174+0000] {dagbag.py:545} INFO - Filling up the DagBag from /opt/airflow/dags/incremental_pipeline.py
[2025-11-30T00:22:30.186+0000] {logging_mixin.py:188} INFO - [2025-11-30T00:22:30.185+0000] {dagbag.py:355} ERROR - Failed to import: /opt/airflow/dags/incremental_pipeline.py
Traceback (most recent call last):
  File "/home/airflow/.local/lib/python3.12/site-packages/airflow/models/dagbag.py", line 351, in parse
    loader.exec_module(new_module)
  File "<frozen importlib._bootstrap_external>", line 995, in exec_module
  File "<frozen importlib._bootstrap>", line 488, in _call_with_frames_removed
  File "/opt/airflow/dags/incremental_pipeline.py", line 2, in <module>
    from airflow.providers.standard.operators.bash import BashOperator
ModuleNotFoundError: No module named 'airflow.providers.standard'
[2025-11-30T00:22:30.187+0000] {processor.py:842} WARNING - No viable dags retrieved from /opt/airflow/dags/incremental_pipeline.py
[2025-11-30T00:22:30.206+0000] {processor.py:183} INFO - Processing /opt/airflow/dags/incremental_pipeline.py took 0.051 seconds
[2025-11-30T00:23:00.429+0000] {processor.py:161} INFO - Started process (PID=106) to work on /opt/airflow/dags/incremental_pipeline.py
[2025-11-30T00:23:00.433+0000] {processor.py:830} INFO - Processing file /opt/airflow/dags/incremental_pipeline.py for tasks to queue
[2025-11-30T00:23:00.446+0000] {logging_mixin.py:188} INFO - [2025-11-30T00:23:00.444+0000] {dagbag.py:545} INFO - Filling up the DagBag from /opt/airflow/dags/incremental_pipeline.py
[2025-11-30T00:23:00.457+0000] {logging_mixin.py:188} INFO - [2025-11-30T00:23:00.455+0000] {dagbag.py:355} ERROR - Failed to import: /opt/airflow/dags/incremental_pipeline.py
Traceback (most recent call last):
  File "/home/airflow/.local/lib/python3.12/site-packages/airflow/models/dagbag.py", line 351, in parse
    loader.exec_module(new_module)
  File "<frozen importlib._bootstrap_external>", line 995, in exec_module
  File "<frozen importlib._bootstrap>", line 488, in _call_with_frames_removed
  File "/opt/airflow/dags/incremental_pipeline.py", line 2, in <module>
    from airflow.providers.standard.operators.bash import BashOperator
ModuleNotFoundError: No module named 'airflow.providers.standard'
[2025-11-30T00:23:00.457+0000] {processor.py:842} WARNING - No viable dags retrieved from /opt/airflow/dags/incremental_pipeline.py
[2025-11-30T00:23:00.479+0000] {processor.py:183} INFO - Processing /opt/airflow/dags/incremental_pipeline.py took 0.079 seconds
[2025-11-30T00:23:30.616+0000] {processor.py:161} INFO - Started process (PID=107) to work on /opt/airflow/dags/incremental_pipeline.py
[2025-11-30T00:23:30.618+0000] {processor.py:830} INFO - Processing file /opt/airflow/dags/incremental_pipeline.py for tasks to queue
[2025-11-30T00:23:30.621+0000] {logging_mixin.py:188} INFO - [2025-11-30T00:23:30.620+0000] {dagbag.py:545} INFO - Filling up the DagBag from /opt/airflow/dags/incremental_pipeline.py
[2025-11-30T00:23:30.627+0000] {logging_mixin.py:188} INFO - [2025-11-30T00:23:30.626+0000] {dagbag.py:355} ERROR - Failed to import: /opt/airflow/dags/incremental_pipeline.py
Traceback (most recent call last):
  File "/home/airflow/.local/lib/python3.12/site-packages/airflow/models/dagbag.py", line 351, in parse
    loader.exec_module(new_module)
  File "<frozen importlib._bootstrap_external>", line 995, in exec_module
  File "<frozen importlib._bootstrap>", line 488, in _call_with_frames_removed
  File "/opt/airflow/dags/incremental_pipeline.py", line 2, in <module>
    from airflow.providers.standard.operators.bash import BashOperator
ModuleNotFoundError: No module named 'airflow.providers.standard'
[2025-11-30T00:23:30.628+0000] {processor.py:842} WARNING - No viable dags retrieved from /opt/airflow/dags/incremental_pipeline.py
[2025-11-30T00:23:30.649+0000] {processor.py:183} INFO - Processing /opt/airflow/dags/incremental_pipeline.py took 0.049 seconds
[2025-11-30T00:24:00.869+0000] {processor.py:161} INFO - Started process (PID=108) to work on /opt/airflow/dags/incremental_pipeline.py
[2025-11-30T00:24:00.924+0000] {processor.py:830} INFO - Processing file /opt/airflow/dags/incremental_pipeline.py for tasks to queue
[2025-11-30T00:24:00.934+0000] {logging_mixin.py:188} INFO - [2025-11-30T00:24:00.932+0000] {dagbag.py:545} INFO - Filling up the DagBag from /opt/airflow/dags/incremental_pipeline.py
[2025-11-30T00:24:00.955+0000] {logging_mixin.py:188} INFO - [2025-11-30T00:24:00.953+0000] {dagbag.py:355} ERROR - Failed to import: /opt/airflow/dags/incremental_pipeline.py
Traceback (most recent call last):
  File "/home/airflow/.local/lib/python3.12/site-packages/airflow/models/dagbag.py", line 351, in parse
    loader.exec_module(new_module)
  File "<frozen importlib._bootstrap_external>", line 995, in exec_module
  File "<frozen importlib._bootstrap>", line 488, in _call_with_frames_removed
  File "/opt/airflow/dags/incremental_pipeline.py", line 2, in <module>
    from airflow.providers.standard.operators.bash import BashOperator
ModuleNotFoundError: No module named 'airflow.providers.standard'
[2025-11-30T00:24:00.957+0000] {processor.py:842} WARNING - No viable dags retrieved from /opt/airflow/dags/incremental_pipeline.py
[2025-11-30T00:24:01.061+0000] {processor.py:183} INFO - Processing /opt/airflow/dags/incremental_pipeline.py took 0.257 seconds
[2025-11-30T00:24:31.331+0000] {processor.py:161} INFO - Started process (PID=109) to work on /opt/airflow/dags/incremental_pipeline.py
[2025-11-30T00:24:31.332+0000] {processor.py:830} INFO - Processing file /opt/airflow/dags/incremental_pipeline.py for tasks to queue
[2025-11-30T00:24:31.337+0000] {logging_mixin.py:188} INFO - [2025-11-30T00:24:31.336+0000] {dagbag.py:545} INFO - Filling up the DagBag from /opt/airflow/dags/incremental_pipeline.py
[2025-11-30T00:24:31.343+0000] {logging_mixin.py:188} INFO - [2025-11-30T00:24:31.341+0000] {dagbag.py:355} ERROR - Failed to import: /opt/airflow/dags/incremental_pipeline.py
Traceback (most recent call last):
  File "/home/airflow/.local/lib/python3.12/site-packages/airflow/models/dagbag.py", line 351, in parse
    loader.exec_module(new_module)
  File "<frozen importlib._bootstrap_external>", line 995, in exec_module
  File "<frozen importlib._bootstrap>", line 488, in _call_with_frames_removed
  File "/opt/airflow/dags/incremental_pipeline.py", line 2, in <module>
    from airflow.providers.standard.operators.bash import BashOperator
ModuleNotFoundError: No module named 'airflow.providers.standard'
[2025-11-30T00:24:31.344+0000] {processor.py:842} WARNING - No viable dags retrieved from /opt/airflow/dags/incremental_pipeline.py
[2025-11-30T00:24:31.365+0000] {processor.py:183} INFO - Processing /opt/airflow/dags/incremental_pipeline.py took 0.054 seconds
